                :-) GROMACS - gmx mdrun, 2024.5-conda_forge (-:

Copyright 1991-2024 The GROMACS Authors.
GROMACS is free software; you can redistribute it and/or modify it
under the terms of the GNU Lesser General Public License
as published by the Free Software Foundation; either version 2.1
of the License, or (at your option) any later version.

                         Current GROMACS contributors:
       Mark Abraham           Andrey Alekseenko           Vladimir Basov      
      Cathrine Bergh            Eliane Briand               Ania Brown        
      Mahesh Doijade            Giacomo Fiorin          Stefan Fleischmann    
      Sergey Gorelov         Gilles Gouaillardet            Alan Gray         
     M. Eric Irrgang         Farzaneh Jalalypour            Joe Jordan        
     Carsten Kutzner           Justin A. Lemkul          Magnus Lundborg      
       Pascal Merz              Vedran Miletic            Dmitry Morozov      
       Julien Nabet              Szilard Pall        Andrea Pasquadibisceglie 
    Michele Pellegrino          Hubert Santuz             Roland Schulz       
     Tatiana Shugaeva          Alexey Shvetsov            Philip Turner       
     Alessandra Villa      Sebastian Wingbermuehle  

                         Previous GROMACS contributors:
        Emile Apol             Rossen Apostolov           James Barnett       
        Paul Bauer          Herman J.C. Berendsen          Par Bjelkmar       
      Christian Blau          Viacheslav Bolnykh            Kevin Boyd        
    Aldert van Buuren          Carlo Camilloni           Rudi van Drunen      
      Anton Feenstra           Oliver Fleetwood            Vytas Gapsys       
       Gaurav Garg             Gerrit Groenhof            Bert de Groot       
      Anca Hamuraru           Vincent Hindriksen          Victor Holanda      
     Aleksei Iupinov          Christoph Junghans        Prashanth Kanduri     
   Dimitrios Karkoulis           Peter Kasson             Sebastian Kehl      
     Sebastian Keller             Jiri Kraus               Per Larsson        
      Viveca Lindahl            Erik Marklund           Pieter Meulenhoff     
      Teemu Murtola              Sander Pronk             Michael Shirts      
      Alfons Sijbers            Balint Soproni         David van der Spoel    
      Peter Tieleman            Carsten Uphoff             Jon Vincent        
     Teemu Virolainen         Christian Wennberg           Maarten Wolf       
      Artem Zhmurov       

                  Coordinated by the GROMACS project leaders:
                           Berk Hess and Erik Lindahl

GROMACS:      gmx mdrun, version 2024.5-conda_forge
Executable:   /Users/neens/miniconda3/bin.ARM_NEON_ASIMD/gmx
Data prefix:  /Users/neens/miniconda3
Working dir:  /Users/neens/IFF/cellulose/single-chain/anhydrous/run-1
Process ID:   12272
Command line:
  gmx mdrun -v -deffnm em

GROMACS version:     2024.5-conda_forge
Precision:           mixed
Memory model:        64 bit
MPI library:         thread_mpi
OpenMP support:      enabled (GMX_OPENMP_MAX_THREADS = 128)
GPU support:         disabled
SIMD instructions:   ARM_NEON_ASIMD
CPU FFT library:     fftw-3.3.10
GPU FFT library:     none
Multi-GPU FFT:       none
TNG support:         enabled
Hwloc support:       disabled
Tracing support:     disabled
C compiler:          /Users/runner/miniforge3/conda-bld/gromacs_1737879910800/_build_env/bin/arm64-apple-darwin20.0.0-clang Clang 18.1.8
C compiler flags:    -Wno-missing-field-initializers -O3 -DNDEBUG
C++ compiler:        /Users/runner/miniforge3/conda-bld/gromacs_1737879910800/_build_env/bin/arm64-apple-darwin20.0.0-clang++ Clang 18.1.8
C++ compiler flags:  -Wno-reserved-identifier -Wno-missing-field-initializers -Weverything -Wno-c++98-compat -Wno-c++98-compat-pedantic -Wno-source-uses-openmp -Wno-c++17-extensions -Wno-documentation-unknown-command -Wno-covered-switch-default -Wno-switch-enum -Wno-switch-default -Wno-extra-semi-stmt -Wno-weak-vtables -Wno-shadow -Wno-padded -Wno-reserved-id-macro -Wno-double-promotion -Wno-exit-time-destructors -Wno-global-constructors -Wno-documentation -Wno-format-nonliteral -Wno-used-but-marked-unused -Wno-float-equal -Wno-conditional-uninitialized -Wno-conversion -Wno-disabled-macro-expansion -Wno-unused-macros -Wno-unsafe-buffer-usage -Wno-cast-function-type-strict SHELL:-fopenmp=libomp -O3 -DNDEBUG
BLAS library:        External - detected on the system
LAPACK library:      External - detected on the system


Running on 1 node with total 0 processing units
Hardware detected on host Ninas-MacBook-Air-7.local:
  CPU info:
    Vendor: ARM
    Brand:  Unknown CPU brand
    Family: 0   Model: 0   Stepping: 0
    Features: neon neon_asimd
  Hardware topology: Only logical processor count
    CPU limit set by OS: -1   Recommended max number of threads: 8


++++ PLEASE READ AND CITE THE FOLLOWING REFERENCE ++++
M. J. Abraham, T. Murtola, R. Schulz, S. Páll, J. C. Smith, B. Hess, E.
Lindahl
GROMACS: High performance molecular simulations through multi-level
parallelism from laptops to supercomputers
SoftwareX 1 (2015) pp. 19-25
-------- -------- --- Thank You --- -------- --------


++++ PLEASE READ AND CITE THE FOLLOWING REFERENCE ++++
S. Páll, M. J. Abraham, C. Kutzner, B. Hess, E. Lindahl
Tackling Exascale Software Challenges in Molecular Dynamics Simulations with
GROMACS
In S. Markidis & E. Laure (Eds.), Solving Software Challenges for Exascale 8759 (2015) pp. 3-27
-------- -------- --- Thank You --- -------- --------


++++ PLEASE READ AND CITE THE FOLLOWING REFERENCE ++++
S. Pronk, S. Páll, R. Schulz, P. Larsson, P. Bjelkmar, R. Apostolov, M. R.
Shirts, J. C. Smith, P. M. Kasson, D. van der Spoel, B. Hess, and E. Lindahl
GROMACS 4.5: a high-throughput and highly parallel open source molecular
simulation toolkit
Bioinformatics 29 (2013) pp. 845-54
-------- -------- --- Thank You --- -------- --------


++++ PLEASE READ AND CITE THE FOLLOWING REFERENCE ++++
B. Hess and C. Kutzner and D. van der Spoel and E. Lindahl
GROMACS 4: Algorithms for highly efficient, load-balanced, and scalable
molecular simulation
J. Chem. Theory Comput. 4 (2008) pp. 435-447
-------- -------- --- Thank You --- -------- --------


++++ PLEASE READ AND CITE THE FOLLOWING REFERENCE ++++
D. van der Spoel, E. Lindahl, B. Hess, G. Groenhof, A. E. Mark and H. J. C.
Berendsen
GROMACS: Fast, Flexible and Free
J. Comp. Chem. 26 (2005) pp. 1701-1719
-------- -------- --- Thank You --- -------- --------


++++ PLEASE READ AND CITE THE FOLLOWING REFERENCE ++++
E. Lindahl and B. Hess and D. van der Spoel
GROMACS 3.0: A package for molecular simulation and trajectory analysis
J. Mol. Mod. 7 (2001) pp. 306-317
-------- -------- --- Thank You --- -------- --------


++++ PLEASE READ AND CITE THE FOLLOWING REFERENCE ++++
H. J. C. Berendsen, D. van der Spoel and R. van Drunen
GROMACS: A message-passing parallel molecular dynamics implementation
Comp. Phys. Comm. 91 (1995) pp. 43-56
-------- -------- --- Thank You --- -------- --------

Input Parameters:
   integrator                     = steep
   tinit                          = 0
   dt                             = 0.001
   nsteps                         = 50000
   init-step                      = 0
   simulation-part                = 1
   mts                            = false
   mass-repartition-factor        = 1
   comm-mode                      = Linear
   nstcomm                        = 100
   bd-fric                        = 0
   ld-seed                        = -1644236929
   emtol                          = 1000
   emstep                         = 0.01
   niter                          = 20
   fcstep                         = 0
   nstcgsteep                     = 1000
   nbfgscorr                      = 10
   rtpi                           = 0.05
   nstxout                        = 0
   nstvout                        = 0
   nstfout                        = 0
   nstlog                         = 1000
   nstcalcenergy                  = 100
   nstenergy                      = 1000
   nstxout-compressed             = 0
   compressed-x-precision         = 1000
   cutoff-scheme                  = Verlet
   nstlist                        = 1
   pbc                            = xyz
   periodic-molecules             = true
   verlet-buffer-tolerance        = 0.005
   verlet-buffer-pressure-tolerance = 0.5
   rlist                          = 1
   coulombtype                    = PME
   coulomb-modifier               = Potential-shift
   rcoulomb-switch                = 0
   rcoulomb                       = 1
   epsilon-r                      = 1
   epsilon-rf                     = inf
   vdw-type                       = Cut-off
   vdw-modifier                   = Potential-shift
   rvdw-switch                    = 0
   rvdw                           = 1
   DispCorr                       = No
   table-extension                = 1
   fourierspacing                 = 0.12
   fourier-nx                     = 20
   fourier-ny                     = 24
   fourier-nz                     = 240
   pme-order                      = 4
   ewald-rtol                     = 1e-05
   ewald-rtol-lj                  = 0.001
   lj-pme-comb-rule               = Geometric
   ewald-geometry                 = 3d
   epsilon-surface                = 0
   ensemble-temperature-setting   = not available
   tcoupl                         = No
   nsttcouple                     = -1
   nh-chain-length                = 0
   print-nose-hoover-chain-variables = false
   pcoupl                         = No
   refcoord-scaling               = No
   posres-com (3):
      posres-com[0]= 0.00000e+00
      posres-com[1]= 0.00000e+00
      posres-com[2]= 0.00000e+00
   posres-comB (3):
      posres-comB[0]= 0.00000e+00
      posres-comB[1]= 0.00000e+00
      posres-comB[2]= 0.00000e+00
   QMMM                           = false
qm-opts:
   ngQM                           = 0
   constraint-algorithm           = Lincs
   continuation                   = false
   Shake-SOR                      = false
   shake-tol                      = 0.0001
   lincs-order                    = 4
   lincs-iter                     = 1
   lincs-warnangle                = 30
   nwall                          = 0
   wall-type                      = 9-3
   wall-r-linpot                  = -1
   wall-atomtype[0]               = -1
   wall-atomtype[1]               = -1
   wall-density[0]                = 0
   wall-density[1]                = 0
   wall-ewald-zfac                = 3
   pull                           = false
   awh                            = false
   rotation                       = false
   interactiveMD                  = false
   disre                          = No
   disre-weighting                = Conservative
   disre-mixed                    = false
   dr-fc                          = 1000
   dr-tau                         = 0
   nstdisreout                    = 100
   orire-fc                       = 0
   orire-tau                      = 0
   nstorireout                    = 100
   free-energy                    = no
   cos-acceleration               = 0
   deform (3x3):
      deform[    0]={ 0.00000e+00,  0.00000e+00,  0.00000e+00}
      deform[    1]={ 0.00000e+00,  0.00000e+00,  0.00000e+00}
      deform[    2]={ 0.00000e+00,  0.00000e+00,  0.00000e+00}
   simulated-tempering            = false
   swapcoords                     = no
   userint1                       = 0
   userint2                       = 0
   userint3                       = 0
   userint4                       = 0
   userreal1                      = 0
   userreal2                      = 0
   userreal3                      = 0
   userreal4                      = 0
   applied-forces:
     electric-field:
       x:
         E0                       = 0
         omega                    = 0
         t0                       = 0
         sigma                    = 0
       y:
         E0                       = 0
         omega                    = 0
         t0                       = 0
         sigma                    = 0
       z:
         E0                       = 0
         omega                    = 0
         t0                       = 0
         sigma                    = 0
     density-guided-simulation:
       active                     = false
       group                      = protein
       similarity-measure         = inner-product
       atom-spreading-weight      = unity
       force-constant             = 1e+09
       gaussian-transform-spreading-width = 0.2
       gaussian-transform-spreading-range-in-multiples-of-width = 4
       reference-density-filename = reference.mrc
       nst                        = 1
       normalize-densities        = true
       adaptive-force-scaling     = false
       adaptive-force-scaling-time-constant = 4
       shift-vector               = 
       transformation-matrix      = 
     qmmm-cp2k:
       active                     = false
       qmgroup                    = System
       qmmethod                   = PBE
       qmfilenames                = 
       qmcharge                   = 0
       qmmultiplicity             = 1
     colvars:
       active                     = false
       configfile                 = 
       seed                       = -1
grpopts:
   nrdf:        2277
   ref-t:           0
   tau-t:           0
annealing:          No
annealing-npoints:           0
   acc:	           0           0           0
   nfreeze:           N           N           N
   energygrp-flags[  0]: 0

When checking whether update groups are usable:
  No constraints or virtual sites are in use, so it is best not to use update groups

Initializing Domain Decomposition on 1 ranks
NOTE: disabling dynamic load balancing as it is only supported with dynamics, not with integrator 'steep'.
Dynamic load balancing: off
Minimum cell size due to atom displacement: 0.000 nm
Initial maximum distances in bonded interactions:
    two-body bonded interactions: 0.392 nm, LJ-14, atoms 690 696
  multi-body bonded interactions: 0.388 nm, Ryckaert-Bell., atoms 708 704
Minimum cell size due to bonded interactions: 0.426 nm
Using 0 separate PME ranks because: there are too few total ranks for efficient splitting
Optimizing the DD grid for 1 cells with a minimum initial size of 0.426 nm
The maximum allowed number of cells is: X 5 Y 6 Z 65
Domain decomposition grid 1 x 1 x 1, separate PME ranks 0
PME domain decomposition: 1 x 1 x 1

The initial number of communication pulses is:
The initial domain decomposition cell size is:

The maximum allowed distance for atoms involved in interactions is:
                 non-bonded interactions           1.000 nm
            two-body bonded interactions  (-rdd)   1.000 nm
          multi-body bonded interactions  (-rdd)   1.000 nm

Using 1 MPI thread
Using 8 OpenMP threads 

System total charge: -0.000
Will do PME sum in reciprocal space for electrostatic interactions.

++++ PLEASE READ AND CITE THE FOLLOWING REFERENCE ++++
U. Essmann, L. Perera, M. L. Berkowitz, T. Darden, H. Lee and L. G. Pedersen 
A smooth particle mesh Ewald method
J. Chem. Phys. 103 (1995) pp. 8577-8592
-------- -------- --- Thank You --- -------- --------

Using a Gaussian width (1/beta) of 0.320163 nm for Ewald
Potential shift: LJ r^-12: -1.000e+00 r^-6: -1.000e+00, Ewald -1.000e-05
Initialized non-bonded Coulomb Ewald tables, spacing: 9.33e-04 size: 1073

Generated table with 1000 data points for 1-4 COUL.
Tabscale = 500 points/nm
Generated table with 1000 data points for 1-4 LJ6.
Tabscale = 500 points/nm
Generated table with 1000 data points for 1-4 LJ12.
Tabscale = 500 points/nm


Using SIMD4xM 4x4 nonbonded short-range kernels

Using a 4x4 pair-list setup:
  updated every 1 steps, buffer 0.000 nm, rlist 1.000 nm

Using Geometric Lennard-Jones combination rule

Linking all bonded interactions to atoms


Note that activating steepest-descent energy minimization via the integrator .mdp option and the command gmx mdrun may be available in a different form in a future version of GROMACS, e.g. gmx minimize and an .mdp option.
Initiating Steepest Descents

Atom distribution over 1 domains: av 760 stddev 0 min 760 max 760
Started Steepest Descents on rank 0 Wed Apr  2 13:32:15 2025


Steepest Descents:
   Tolerance (Fmax)   =  1.00000e+03
   Number of steps    =        50000
           Step           Time
              0        0.00000

   Energies (kJ/mol)
           Bond          Angle    Proper Dih. Ryckaert-Bell.  Improper Dih.
    2.29344e+03    2.27266e+03    1.74945e+03    8.22471e+00    1.18410e+01
 Per. Imp. Dih.          LJ-14     Coulomb-14        LJ (SR)   Coulomb (SR)
    3.07641e-01    7.93670e+05    1.93956e+04    1.54818e+05   -2.05212e+04
   Coul. recip.      Potential Pressure (bar)
    4.74318e+02    9.54172e+05    3.64157e+05

           Step           Time
              1        1.00000

   Energies (kJ/mol)
           Bond          Angle    Proper Dih. Ryckaert-Bell.  Improper Dih.
    2.41480e+03    2.20894e+03    1.74945e+03    8.89567e+00    1.18410e+01
 Per. Imp. Dih.          LJ-14     Coulomb-14        LJ (SR)   Coulomb (SR)
    3.07633e-01    1.42191e+05    1.93500e+04    9.50292e+04   -2.05103e+04
   Coul. recip.      Potential Pressure (bar)
    4.74176e+02    2.42929e+05    9.12394e+04

           Step           Time
              2        2.00000

   Energies (kJ/mol)
           Bond          Angle    Proper Dih. Ryckaert-Bell.  Improper Dih.
    2.62237e+03    2.20416e+03    1.74945e+03    6.27292e+01    1.18430e+01
 Per. Imp. Dih.          LJ-14     Coulomb-14        LJ (SR)   Coulomb (SR)
    3.07367e-01    3.25663e+04    1.93271e+04    2.26774e+04   -2.05086e+04
   Coul. recip.      Potential Pressure (bar)
    4.74245e+02    6.11873e+04    2.13722e+04

           Step           Time
              3        3.00000

   Energies (kJ/mol)
           Bond          Angle    Proper Dih. Ryckaert-Bell.  Improper Dih.
    2.93125e+03    2.23514e+03    1.74946e+03    5.39752e+00    1.18565e+01
 Per. Imp. Dih.          LJ-14     Coulomb-14        LJ (SR)   Coulomb (SR)
    3.06296e-01    6.73598e+03    1.93011e+04    4.56060e+03   -2.05032e+04
   Coul. recip.      Potential Pressure (bar)
    4.74126e+02    1.75021e+04    4.47347e+03

           Step           Time
              4        4.00000

   Energies (kJ/mol)
           Bond          Angle    Proper Dih. Ryckaert-Bell.  Improper Dih.
    3.35365e+03    2.30123e+03    1.74951e+03    5.36131e+00    1.19624e+01
 Per. Imp. Dih.          LJ-14     Coulomb-14        LJ (SR)   Coulomb (SR)
    2.98985e-01    2.14619e+03    1.92807e+04    8.55233e+02   -2.05030e+04
   Coul. recip.      Potential Pressure (bar)
    4.74205e+02    9.67542e+03    1.26555e+03

           Step           Time
              5        5.00000

   Energies (kJ/mol)
           Bond          Angle    Proper Dih. Ryckaert-Bell.  Improper Dih.
    2.89969e+03    2.24756e+03    1.74994e+03    6.54776e+00    1.29900e+01
 Per. Imp. Dih.          LJ-14     Coulomb-14        LJ (SR)   Coulomb (SR)
    2.53951e-01    1.09708e+03    1.92559e+04    1.94760e+02   -2.04988e+04
   Coul. recip.      Potential Pressure (bar)
    4.72967e+02    7.43898e+03    6.65172e+02

           Step           Time
              6        6.00000

   Energies (kJ/mol)
           Bond          Angle    Proper Dih. Ryckaert-Bell.  Improper Dih.
    1.39213e+03    2.08643e+03    1.75034e+03    1.54343e+01    1.46332e+01
 Per. Imp. Dih.          LJ-14     Coulomb-14        LJ (SR)   Coulomb (SR)
    3.54694e-01    1.25358e+03    1.92470e+04    2.02132e+02   -2.04848e+04
   Coul. recip.      Potential Pressure (bar)
    4.73738e+02    5.95102e+03    7.93249e+02

           Step           Time
              7        7.00000

   Energies (kJ/mol)
           Bond          Angle    Proper Dih. Ryckaert-Bell.  Improper Dih.
    1.35988e+03    2.00040e+03    1.74952e+03    3.16343e+01    1.47788e+01
 Per. Imp. Dih.          LJ-14     Coulomb-14        LJ (SR)   Coulomb (SR)
    1.10682e+00    7.38963e+02    1.91937e+04    1.61532e+02   -2.04978e+04
   Coul. recip.      Potential Pressure (bar)
    4.76539e+02    5.23019e+03    4.49801e+02

           Step           Time
              8        8.00000

   Energies (kJ/mol)
           Bond          Angle    Proper Dih. Ryckaert-Bell.  Improper Dih.
    4.95461e+02    2.33194e+03    1.74834e+03    5.21339e+01    1.47698e+01
 Per. Imp. Dih.          LJ-14     Coulomb-14        LJ (SR)   Coulomb (SR)
    1.53929e+00    1.12654e+03    1.92137e+04    3.76264e+01   -2.04743e+04
   Coul. recip.      Potential Pressure (bar)
    4.78607e+02    5.02641e+03    5.05645e+02

           Step           Time
              9        9.00000

           Step           Time
             10       10.00000

   Energies (kJ/mol)
           Bond          Angle    Proper Dih. Ryckaert-Bell.  Improper Dih.
    5.27385e+02    1.82952e+03    1.74786e+03    4.80711e+01    1.48441e+01
 Per. Imp. Dih.          LJ-14     Coulomb-14        LJ (SR)   Coulomb (SR)
    2.38448e+00    7.22499e+02    1.91906e+04    4.99808e+01   -2.04957e+04
   Coul. recip.      Potential Pressure (bar)
    4.78862e+02    4.11632e+03    3.31682e+02

           Step           Time
             11       11.00000

   Energies (kJ/mol)
           Bond          Angle    Proper Dih. Ryckaert-Bell.  Improper Dih.
    2.57899e+02    1.87006e+03    1.74554e+03    4.67905e+01    1.51390e+01
 Per. Imp. Dih.          LJ-14     Coulomb-14        LJ (SR)   Coulomb (SR)
    1.45558e+00    8.64926e+02    1.91867e+04    4.66288e+01   -2.04819e+04
   Coul. recip.      Potential Pressure (bar)
    4.80859e+02    4.03409e+03    3.07391e+02

           Step           Time
             12       12.00000

   Energies (kJ/mol)
           Bond          Angle    Proper Dih. Ryckaert-Bell.  Improper Dih.
    5.49026e+02    1.49186e+03    1.74463e+03    4.22962e+01    1.52048e+01
 Per. Imp. Dih.          LJ-14     Coulomb-14        LJ (SR)   Coulomb (SR)
    1.77010e+00    6.50862e+02    1.91810e+04    1.66107e+01   -2.05090e+04
   Coul. recip.      Potential Pressure (bar)
    4.83323e+02    3.66757e+03    1.75023e+02

           Step           Time
             13       13.00000

           Step           Time
             14       14.00000

   Energies (kJ/mol)
           Bond          Angle    Proper Dih. Ryckaert-Bell.  Improper Dih.
    1.55088e+02    1.54605e+03    1.74379e+03    4.04745e+01    1.52913e+01
 Per. Imp. Dih.          LJ-14     Coulomb-14        LJ (SR)   Coulomb (SR)
    1.03966e+00    6.98806e+02    1.91804e+04    1.53617e+01   -2.04937e+04
   Coul. recip.      Potential Pressure (bar)
    4.82280e+02    3.38484e+03    2.24715e+02

           Step           Time
             15       15.00000

           Step           Time
             16       16.00000

   Energies (kJ/mol)
           Bond          Angle    Proper Dih. Ryckaert-Bell.  Improper Dih.
    3.09666e+02    1.35373e+03    1.74270e+03    3.68351e+01    1.53939e+01
 Per. Imp. Dih.          LJ-14     Coulomb-14        LJ (SR)   Coulomb (SR)
    9.30664e-01    6.49668e+02    1.91820e+04    2.05225e+00   -2.05094e+04
   Coul. recip.      Potential Pressure (bar)
    4.85220e+02    3.26882e+03    1.57893e+02

           Step           Time
             17       17.00000

   Energies (kJ/mol)
           Bond          Angle    Proper Dih. Ryckaert-Bell.  Improper Dih.
    1.33198e+02    1.37476e+03    1.74177e+03    3.51419e+01    1.54837e+01
 Per. Imp. Dih.          LJ-14     Coulomb-14        LJ (SR)   Coulomb (SR)
    5.70451e-01    6.74374e+02    1.91824e+04    2.99075e+00   -2.05019e+04
   Coul. recip.      Potential Pressure (bar)
    4.84458e+02    3.14325e+03    1.86854e+02

           Step           Time
             18       18.00000

           Step           Time
             19       19.00000

   Energies (kJ/mol)
           Bond          Angle    Proper Dih. Ryckaert-Bell.  Improper Dih.
    1.84608e+02    1.26042e+03    1.74097e+03    3.39172e+01    1.55566e+01
 Per. Imp. Dih.          LJ-14     Coulomb-14        LJ (SR)   Coulomb (SR)
    4.47507e-01    6.49933e+02    1.91838e+04   -6.54057e+00   -2.05122e+04
   Coul. recip.      Potential Pressure (bar)
    4.87230e+02    3.03823e+03    1.46337e+02

           Step           Time
             20       20.00000

   Energies (kJ/mol)
           Bond          Angle    Proper Dih. Ryckaert-Bell.  Improper Dih.
    1.20354e+02    1.23586e+03    1.73978e+03    3.38890e+01    1.56683e+01
 Per. Imp. Dih.          LJ-14     Coulomb-14        LJ (SR)   Coulomb (SR)
    2.47450e-01    6.58065e+02    1.91854e+04   -8.49936e+00   -2.05118e+04
   Coul. recip.      Potential Pressure (bar)
    4.87204e+02    2.95618e+03    1.54401e+02

           Step           Time
             21       21.00000

   Energies (kJ/mol)
           Bond          Angle    Proper Dih. Ryckaert-Bell.  Improper Dih.
    2.56726e+02    1.12026e+03    1.73834e+03    3.51195e+01    1.57999e+01
 Per. Imp. Dih.          LJ-14     Coulomb-14        LJ (SR)   Coulomb (SR)
    1.16376e-01    6.34903e+02    1.91886e+04   -2.02554e+01   -2.05282e+04
   Coul. recip.      Potential Pressure (bar)
    4.92778e+02    2.93413e+03    9.22241e+01

           Step           Time
             22       22.00000

   Energies (kJ/mol)
           Bond          Angle    Proper Dih. Ryckaert-Bell.  Improper Dih.
    1.32379e+02    1.13420e+03    1.73751e+03    3.79454e+01    1.58773e+01
 Per. Imp. Dih.          LJ-14     Coulomb-14        LJ (SR)   Coulomb (SR)
    1.22457e-01    6.50759e+02    1.91892e+04   -1.83582e+01   -2.05216e+04
   Coul. recip.      Potential Pressure (bar)
    4.89015e+02    2.84712e+03    1.35962e+02

           Step           Time
             23       23.00000

           Step           Time
             24       24.00000

   Energies (kJ/mol)
           Bond          Angle    Proper Dih. Ryckaert-Bell.  Improper Dih.
    1.67534e+02    1.06580e+03    1.73672e+03    3.90244e+01    1.59472e+01
 Per. Imp. Dih.          LJ-14     Coulomb-14        LJ (SR)   Coulomb (SR)
    1.39974e-01    6.36040e+02    1.91917e+04   -2.49902e+01   -2.05335e+04
   Coul. recip.      Potential Pressure (bar)
    4.93727e+02    2.78806e+03    9.68638e+01

           Step           Time
             25       25.00000

   Energies (kJ/mol)
           Bond          Angle    Proper Dih. Ryckaert-Bell.  Improper Dih.
    1.44253e+02    1.05517e+03    1.73586e+03    4.23927e+01    1.60268e+01
 Per. Imp. Dih.          LJ-14     Coulomb-14        LJ (SR)   Coulomb (SR)
    2.12723e-01    6.41299e+02    1.91915e+04   -2.54328e+01   -2.05311e+04
   Coul. recip.      Potential Pressure (bar)
    4.90619e+02    2.76077e+03    1.19865e+02

           Step           Time
             26       26.00000

   Energies (kJ/mol)
           Bond          Angle    Proper Dih. Ryckaert-Bell.  Improper Dih.
    1.60602e+02    1.01779e+03    1.73512e+03    4.40821e+01    1.60919e+01
 Per. Imp. Dih.          LJ-14     Coulomb-14        LJ (SR)   Coulomb (SR)
    2.94297e-01    6.33672e+02    1.91943e+04   -2.93981e+01   -2.05410e+04
   Coul. recip.      Potential Pressure (bar)
    4.95174e+02    2.72677e+03    8.95098e+01

           Step           Time
             27       27.00000

   Energies (kJ/mol)
           Bond          Angle    Proper Dih. Ryckaert-Bell.  Improper Dih.
    1.79868e+02    9.98072e+02    1.73430e+03    4.72006e+01    1.61671e+01
 Per. Imp. Dih.          LJ-14     Coulomb-14        LJ (SR)   Coulomb (SR)
    4.15862e-01    6.34982e+02    1.91932e+04   -3.04136e+01   -2.05394e+04
   Coul. recip.      Potential Pressure (bar)
    4.91621e+02    2.72600e+03    1.07942e+02

           Step           Time
             28       28.00000

   Energies (kJ/mol)
           Bond          Angle    Proper Dih. Ryckaert-Bell.  Improper Dih.
    1.90867e+02    9.77922e+02    1.73360e+03    4.92814e+01    1.62312e+01
 Per. Imp. Dih.          LJ-14     Coulomb-14        LJ (SR)   Coulomb (SR)
    5.13502e-01    6.30255e+02    1.91967e+04   -3.33686e+01   -2.05492e+04
   Coul. recip.      Potential Pressure (bar)
    4.96900e+02    2.70973e+03    7.66646e+01

           Step           Time
             29       29.00000

           Step           Time
             30       30.00000

   Energies (kJ/mol)
           Bond          Angle    Proper Dih. Ryckaert-Bell.  Improper Dih.
    1.11048e+02    9.51523e+02    1.73320e+03    5.05688e+01    1.62679e+01
 Per. Imp. Dih.          LJ-14     Coulomb-14        LJ (SR)   Coulomb (SR)
    5.82535e-01    6.30291e+02    1.91955e+04   -3.38678e+01   -2.05477e+04
   Coul. recip.      Potential Pressure (bar)
    4.94259e+02    2.60174e+03    9.60281e+01

           Step           Time
             31       31.00000

           Step           Time
             32       32.00000

   Energies (kJ/mol)
           Bond          Angle    Proper Dih. Ryckaert-Bell.  Improper Dih.
    1.26247e+02    9.11246e+02    1.73174e+03    5.54755e+01    1.64038e+01
 Per. Imp. Dih.          LJ-14     Coulomb-14        LJ (SR)   Coulomb (SR)
    8.08568e-01    6.26350e+02    1.91982e+04   -3.75434e+01   -2.05571e+04
   Coul. recip.      Potential Pressure (bar)
    4.96730e+02    2.56855e+03    7.87869e+01

           Step           Time
             33       33.00000

   Energies (kJ/mol)
           Bond          Angle    Proper Dih. Ryckaert-Bell.  Improper Dih.
    1.12559e+02    8.90647e+02    1.73124e+03    5.68190e+01    1.64499e+01
 Per. Imp. Dih.          LJ-14     Coulomb-14        LJ (SR)   Coulomb (SR)
    8.81456e-01    6.25398e+02    1.91975e+04   -3.84377e+01   -2.05576e+04
   Coul. recip.      Potential Pressure (bar)
    4.95134e+02    2.53064e+03    8.75240e+01

           Step           Time
             34       34.00000

   Energies (kJ/mol)
           Bond          Angle    Proper Dih. Ryckaert-Bell.  Improper Dih.
    1.40543e+02    8.65244e+02    1.73017e+03    5.98208e+01    1.65503e+01
 Per. Imp. Dih.          LJ-14     Coulomb-14        LJ (SR)   Coulomb (SR)
    9.91031e-01    6.22214e+02    1.92000e+04   -4.11018e+01   -2.05659e+04
   Coul. recip.      Potential Pressure (bar)
    4.98035e+02    2.52651e+03    6.70264e+01

           Step           Time
             35       35.00000

   Energies (kJ/mol)
           Bond          Angle    Proper Dih. Ryckaert-Bell.  Improper Dih.
    1.23569e+02    8.41868e+02    1.72965e+03    6.10355e+01    1.65996e+01
 Per. Imp. Dih.          LJ-14     Coulomb-14        LJ (SR)   Coulomb (SR)
    1.04164e+00    6.21662e+02    1.91987e+04   -4.18431e+01   -2.05655e+04
   Coul. recip.      Potential Pressure (bar)
    4.95467e+02    2.48229e+03    8.17980e+01

           Step           Time
             36       36.00000

           Step           Time
             37       37.00000

   Energies (kJ/mol)
           Bond          Angle    Proper Dih. Ryckaert-Bell.  Improper Dih.
    1.05223e+02    8.28040e+02    1.72921e+03    6.20201e+01    1.66406e+01
 Per. Imp. Dih.          LJ-14     Coulomb-14        LJ (SR)   Coulomb (SR)
    1.05867e+00    6.20156e+02    1.92001e+04   -4.30104e+01   -2.05697e+04
   Coul. recip.      Potential Pressure (bar)
    4.97287e+02    2.44706e+03    7.14933e+01

           Step           Time
             38       38.00000

   Energies (kJ/mol)
           Bond          Angle    Proper Dih. Ryckaert-Bell.  Improper Dih.
    1.35059e+02    7.92305e+02    1.72808e+03    6.43852e+01    1.67479e+01
 Per. Imp. Dih.          LJ-14     Coulomb-14        LJ (SR)   Coulomb (SR)
    1.11180e+00    6.18114e+02    1.91998e+04   -4.50957e+01   -2.05735e+04
   Coul. recip.      Potential Pressure (bar)
    4.95764e+02    2.43277e+03    7.52311e+01

           Step           Time
             39       39.00000

   Energies (kJ/mol)
           Bond          Angle    Proper Dih. Ryckaert-Bell.  Improper Dih.
    1.10971e+02    7.77930e+02    1.72761e+03    6.51913e+01    1.67924e+01
 Per. Imp. Dih.          LJ-14     Coulomb-14        LJ (SR)   Coulomb (SR)
    1.10152e+00    6.16359e+02    1.92016e+04   -4.64034e+01   -2.05787e+04
   Coul. recip.      Potential Pressure (bar)
    4.98308e+02    2.39078e+03    6.03519e+01

           Step           Time
             40       40.00000

           Step           Time
             41       41.00000

   Energies (kJ/mol)
           Bond          Angle    Proper Dih. Ryckaert-Bell.  Improper Dih.
    1.03734e+02    7.60391e+02    1.72716e+03    6.58388e+01    1.68357e+01
 Per. Imp. Dih.          LJ-14     Coulomb-14        LJ (SR)   Coulomb (SR)
    1.10010e+00    6.15757e+02    1.92010e+04   -4.71445e+01   -2.05794e+04
   Coul. recip.      Potential Pressure (bar)
    4.96954e+02    2.36225e+03    6.73933e+01

           Step           Time
             42       42.00000

   Energies (kJ/mol)
           Bond          Angle    Proper Dih. Ryckaert-Bell.  Improper Dih.
    1.17603e+02    7.35719e+02    1.72622e+03    6.71648e+01    1.69268e+01
 Per. Imp. Dih.          LJ-14     Coulomb-14        LJ (SR)   Coulomb (SR)
    1.06845e+00    6.13190e+02    1.92027e+04   -4.93348e+01   -2.05864e+04
   Coul. recip.      Potential Pressure (bar)
    4.98988e+02    2.34380e+03    5.04736e+01

           Step           Time
             43       43.00000

   Energies (kJ/mol)
           Bond          Angle    Proper Dih. Ryckaert-Bell.  Improper Dih.
    1.09143e+02    7.17466e+02    1.72575e+03    6.76732e+01    1.69730e+01
 Per. Imp. Dih.          LJ-14     Coulomb-14        LJ (SR)   Coulomb (SR)
    1.05173e+00    6.12760e+02    1.92017e+04   -5.00467e+01   -2.05865e+04
   Coul. recip.      Potential Pressure (bar)
    4.96946e+02    2.31284e+03    6.12497e+01

           Step           Time
             44       44.00000

           Step           Time
             45       45.00000

   Energies (kJ/mol)
           Bond          Angle    Proper Dih. Ryckaert-Bell.  Improper Dih.
    9.78411e+01    7.06995e+02    1.72536e+03    6.80698e+01    1.70116e+01
 Per. Imp. Dih.          LJ-14     Coulomb-14        LJ (SR)   Coulomb (SR)
    1.02540e+00    6.11535e+02    1.92026e+04   -5.10522e+01   -2.05900e+04
   Coul. recip.      Potential Pressure (bar)
    4.98255e+02    2.28765e+03    5.23506e+01

           Step           Time
             46       46.00000

   Energies (kJ/mol)
           Bond          Angle    Proper Dih. Ryckaert-Bell.  Improper Dih.
    1.14711e+02    6.79441e+02    1.72431e+03    6.91140e+01    1.71160e+01
 Per. Imp. Dih.          LJ-14     Coulomb-14        LJ (SR)   Coulomb (SR)
    9.66079e-01    6.09782e+02    1.92021e+04   -5.30373e+01   -2.05939e+04
   Coul. recip.      Potential Pressure (bar)
    4.96901e+02    2.26758e+03    5.41510e+01

           Step           Time
             47       47.00000

   Energies (kJ/mol)
           Bond          Angle    Proper Dih. Ryckaert-Bell.  Improper Dih.
    9.99187e+01    6.70805e+02    1.72390e+03    6.94794e+01    1.71577e+01
 Per. Imp. Dih.          LJ-14     Coulomb-14        LJ (SR)   Coulomb (SR)
    9.30622e-01    6.08370e+02    1.92033e+04   -5.41787e+01   -2.05980e+04
   Coul. recip.      Potential Pressure (bar)
    4.98723e+02    2.24039e+03    4.19841e+01

           Step           Time
             48       48.00000

           Step           Time
             49       49.00000

   Energies (kJ/mol)
           Bond          Angle    Proper Dih. Ryckaert-Bell.  Improper Dih.
    9.64826e+01    6.59742e+02    1.72349e+03    6.98243e+01    1.71992e+01
 Per. Imp. Dih.          LJ-14     Coulomb-14        LJ (SR)   Coulomb (SR)
    9.05861e-01    6.07858e+02    1.92028e+04   -5.48982e+01   -2.05989e+04
   Coul. recip.      Potential Pressure (bar)
    4.97610e+02    2.22208e+03    4.69638e+01

           Step           Time
             50       50.00000

   Energies (kJ/mol)
           Bond          Angle    Proper Dih. Ryckaert-Bell.  Improper Dih.
    1.03296e+02    6.45744e+02    1.72267e+03    7.05872e+01    1.72837e+01
 Per. Imp. Dih.          LJ-14     Coulomb-14        LJ (SR)   Coulomb (SR)
    8.46747e-01    6.05861e+02    1.92037e+04   -5.67953e+01   -2.06046e+04
   Coul. recip.      Potential Pressure (bar)
    4.98932e+02    2.20750e+03    3.42030e+01

           Step           Time
             51       51.00000

   Energies (kJ/mol)
           Bond          Angle    Proper Dih. Ryckaert-Bell.  Improper Dih.
    9.97591e+01    6.34501e+02    1.72223e+03    7.09915e+01    1.73289e+01
 Per. Imp. Dih.          LJ-14     Coulomb-14        LJ (SR)   Coulomb (SR)
    8.24208e-01    6.05515e+02    1.92028e+04   -5.74820e+01   -2.06050e+04
   Coul. recip.      Potential Pressure (bar)
    4.97295e+02    2.18876e+03    4.23399e+01

           Step           Time
             52       52.00000

   Energies (kJ/mol)
           Bond          Angle    Proper Dih. Ryckaert-Bell.  Improper Dih.
    1.11563e+02    6.26143e+02    1.72154e+03    7.17141e+01    1.74009e+01
 Per. Imp. Dih.          LJ-14     Coulomb-14        LJ (SR)   Coulomb (SR)
    7.77745e-01    6.03701e+02    1.92039e+04   -5.91563e+01   -2.06106e+04
   Coul. recip.      Potential Pressure (bar)
    4.99132e+02    2.18614e+03    2.68208e+01

           Step           Time
             53       53.00000

   Energies (kJ/mol)
           Bond          Angle    Proper Dih. Ryckaert-Bell.  Improper Dih.
    1.09256e+02    6.13786e+02    1.72109e+03    7.21922e+01    1.74484e+01
 Per. Imp. Dih.          LJ-14     Coulomb-14        LJ (SR)   Coulomb (SR)
    7.61244e-01    6.03615e+02    1.92026e+04   -5.97682e+01   -2.06103e+04
   Coul. recip.      Potential Pressure (bar)
    4.96758e+02    2.16745e+03    3.93244e+01

           Step           Time
             54       54.00000

           Step           Time
             55       55.00000

   Energies (kJ/mol)
           Bond          Angle    Proper Dih. Ryckaert-Bell.  Improper Dih.
    9.27530e+01    6.07988e+02    1.72078e+03    7.25448e+01    1.74805e+01
 Per. Imp. Dih.          LJ-14     Coulomb-14        LJ (SR)   Coulomb (SR)
    7.41625e-01    6.02685e+02    1.92034e+04   -6.05745e+01   -2.06133e+04
   Coul. recip.      Potential Pressure (bar)
    4.98021e+02    2.14252e+03    3.10865e+01

           Step           Time
             56       56.00000

   Energies (kJ/mol)
           Bond          Angle    Proper Dih. Ryckaert-Bell.  Improper Dih.
    1.14567e+02    5.86549e+02    1.71963e+03    7.39240e+01    1.76079e+01
 Per. Imp. Dih.          LJ-14     Coulomb-14        LJ (SR)   Coulomb (SR)
    6.91597e-01    6.01403e+02    1.92024e+04   -6.26645e+01   -2.06173e+04
   Coul. recip.      Potential Pressure (bar)
    4.96237e+02    2.13307e+03    3.45700e+01

           Step           Time
             57       57.00000

   Energies (kJ/mol)
           Bond          Angle    Proper Dih. Ryckaert-Bell.  Improper Dih.
    9.86350e+01    5.80304e+02    1.71927e+03    7.43885e+01    1.76475e+01
 Per. Imp. Dih.          LJ-14     Coulomb-14        LJ (SR)   Coulomb (SR)
    6.72487e-01    6.00300e+02    1.92035e+04   -6.36591e+01   -2.06212e+04
   Coul. recip.      Potential Pressure (bar)
    4.98043e+02    2.10793e+03    2.24407e+01

           Step           Time
             58       58.00000

           Step           Time
             59       59.00000

   Energies (kJ/mol)
           Bond          Angle    Proper Dih. Ryckaert-Bell.  Improper Dih.
    9.50026e+01    5.70680e+02    1.71891e+03    7.48183e+01    1.76878e+01
 Per. Imp. Dih.          LJ-14     Coulomb-14        LJ (SR)   Coulomb (SR)
    6.63328e-01    6.00184e+02    1.92028e+04   -6.42107e+01   -2.06216e+04
   Coul. recip.      Potential Pressure (bar)
    4.96694e+02    2.09166e+03    2.90444e+01

           Step           Time
             60       60.00000

   Energies (kJ/mol)
           Bond          Angle    Proper Dih. Ryckaert-Bell.  Improper Dih.
    1.04282e+02    5.58877e+02    1.71818e+03    7.56912e+01    1.77701e+01
 Per. Imp. Dih.          LJ-14     Coulomb-14        LJ (SR)   Coulomb (SR)
    6.34977e-01    5.98876e+02    1.92036e+04   -6.58509e+01   -2.06267e+04
   Coul. recip.      Potential Pressure (bar)
    4.97829e+02    2.08319e+03    1.71470e+01

           Step           Time
             61       61.00000

   Energies (kJ/mol)
           Bond          Angle    Proper Dih. Ryckaert-Bell.  Improper Dih.
    1.00289e+02    5.47402e+02    1.71780e+03    7.60976e+01    1.78141e+01
 Per. Imp. Dih.          LJ-14     Coulomb-14        LJ (SR)   Coulomb (SR)
    6.29476e-01    5.98980e+02    1.92026e+04   -6.63774e+01   -2.06265e+04
   Coul. recip.      Potential Pressure (bar)
    4.95926e+02    2.06459e+03    2.68760e+01

           Step           Time
             62       62.00000

           Step           Time
             63       63.00000

   Energies (kJ/mol)
           Bond          Angle    Proper Dih. Ryckaert-Bell.  Improper Dih.
    9.29522e+01    5.41260e+02    1.71749e+03    7.64093e+01    1.78489e+01
 Per. Imp. Dih.          LJ-14     Coulomb-14        LJ (SR)   Coulomb (SR)
    6.17943e-01    5.98349e+02    1.92032e+04   -6.71275e+01   -2.06291e+04
   Coul. recip.      Potential Pressure (bar)
    4.96781e+02    2.04862e+03    2.01334e+01

           Step           Time
             64       64.00000

   Energies (kJ/mol)
           Bond          Angle    Proper Dih. Ryckaert-Bell.  Improper Dih.
    1.01017e+02    5.24602e+02    1.71676e+03    7.70500e+01    1.79343e+01
 Per. Imp. Dih.          LJ-14     Coulomb-14        LJ (SR)   Coulomb (SR)
    6.01869e-01    5.97991e+02    1.92026e+04   -6.84456e+01   -2.06315e+04
   Coul. recip.      Potential Pressure (bar)
    4.95391e+02    2.03402e+03    2.34064e+01

           Step           Time
             65       65.00000

   Energies (kJ/mol)
           Bond          Angle    Proper Dih. Ryckaert-Bell.  Improper Dih.
    9.89516e+01    5.17567e+02    1.71634e+03    7.73487e+01    1.79840e+01
 Per. Imp. Dih.          LJ-14     Coulomb-14        LJ (SR)   Coulomb (SR)
    5.88194e-01    5.97208e+02    1.92036e+04   -6.94827e+01   -2.06352e+04
   Coul. recip.      Potential Pressure (bar)
    4.96655e+02    2.02160e+03    1.28850e+01

           Step           Time
             66       66.00000

   Energies (kJ/mol)
           Bond          Angle    Proper Dih. Ryckaert-Bell.  Improper Dih.
    1.09097e+02    5.05491e+02    1.71584e+03    7.76225e+01    1.80446e+01
 Per. Imp. Dih.          LJ-14     Coulomb-14        LJ (SR)   Coulomb (SR)
    5.82699e-01    5.97381e+02    1.92028e+04   -7.02590e+01   -2.06357e+04
   Coul. recip.      Potential Pressure (bar)
    4.94662e+02    2.01556e+03    2.12262e+01

           Step           Time
             67       67.00000

   Energies (kJ/mol)
           Bond          Angle    Proper Dih. Ryckaert-Bell.  Improper Dih.
    1.07496e+02    5.00361e+02    1.71542e+03    7.78082e+01    1.80959e+01
 Per. Imp. Dih.          LJ-14     Coulomb-14        LJ (SR)   Coulomb (SR)
    5.68145e-01    5.96469e+02    1.92042e+04   -7.13972e+01   -2.06401e+04
   Coul. recip.      Potential Pressure (bar)
    4.96601e+02    2.00555e+03    6.47505e+00

           Step           Time
             68       68.00000

           Step           Time
             69       69.00000

   Energies (kJ/mol)
           Bond          Angle    Proper Dih. Ryckaert-Bell.  Improper Dih.
    9.32560e+01    4.91719e+02    1.71518e+03    7.78759e+01    1.81248e+01
 Per. Imp. Dih.          LJ-14     Coulomb-14        LJ (SR)   Coulomb (SR)
    5.67176e-01    5.96709e+02    1.92036e+04   -7.17322e+01   -2.06398e+04
   Coul. recip.      Potential Pressure (bar)
    4.95200e+02    1.98071e+03    1.45863e+01

           Step           Time
             70       70.00000

   Energies (kJ/mol)
           Bond          Angle    Proper Dih. Ryckaert-Bell.  Improper Dih.
    9.85026e+01    4.77070e+02    1.71424e+03    7.81001e+01    1.82419e+01
 Per. Imp. Dih.          LJ-14     Coulomb-14        LJ (SR)   Coulomb (SR)
    5.45339e-01    5.95953e+02    1.92048e+04   -7.38015e+01   -2.06456e+04
   Coul. recip.      Potential Pressure (bar)
    4.95789e+02    1.96387e+03    4.47120e+00

           Step           Time
             71       71.00000

           Step           Time
             72       72.00000

   Energies (kJ/mol)
           Bond          Angle    Proper Dih. Ryckaert-Bell.  Improper Dih.
    9.34811e+01    4.71176e+02    1.71398e+03    7.81289e+01    1.82748e+01
 Per. Imp. Dih.          LJ-14     Coulomb-14        LJ (SR)   Coulomb (SR)
    5.43821e-01    5.96130e+02    1.92045e+04   -7.42326e+01   -2.06458e+04
   Coul. recip.      Potential Pressure (bar)
    4.94806e+02    1.95099e+03    9.41532e+00

           Step           Time
             73       73.00000

   Energies (kJ/mol)
           Bond          Angle    Proper Dih. Ryckaert-Bell.  Improper Dih.
    9.70206e+01    4.62995e+02    1.71323e+03    7.81986e+01    1.83708e+01
 Per. Imp. Dih.          LJ-14     Coulomb-14        LJ (SR)   Coulomb (SR)
    5.28257e-01    5.95609e+02    1.92059e+04   -7.59329e+01   -2.06506e+04
   Coul. recip.      Potential Pressure (bar)
    4.95544e+02    1.94079e+03    6.80456e-01

           Step           Time
             74       74.00000

   Energies (kJ/mol)
           Bond          Angle    Proper Dih. Ryckaert-Bell.  Improper Dih.
    1.00203e+02    4.56951e+02    1.71283e+03    7.82113e+01    1.84233e+01
 Per. Imp. Dih.          LJ-14     Coulomb-14        LJ (SR)   Coulomb (SR)
    5.25747e-01    5.95905e+02    1.92056e+04   -7.66388e+01   -2.06512e+04
   Coul. recip.      Potential Pressure (bar)
    4.94202e+02    1.93498e+03    6.96473e+00

           Step           Time
             75       75.00000

   Energies (kJ/mol)
           Bond          Angle    Proper Dih. Ryckaert-Bell.  Improper Dih.
    1.02074e+02    4.55714e+02    1.71241e+03    7.82279e+01    1.84789e+01
 Per. Imp. Dih.          LJ-14     Coulomb-14        LJ (SR)   Coulomb (SR)
    5.14322e-01    5.95327e+02    1.92071e+04   -7.77654e+01   -2.06552e+04
   Coul. recip.      Potential Pressure (bar)
    4.95804e+02    1.93267e+03   -4.71256e+00

           Step           Time
             76       76.00000

   Energies (kJ/mol)
           Bond          Angle    Proper Dih. Ryckaert-Bell.  Improper Dih.
    1.08408e+02    4.50118e+02    1.71201e+03    7.82291e+01    1.85323e+01
 Per. Imp. Dih.          LJ-14     Coulomb-14        LJ (SR)   Coulomb (SR)
    5.14084e-01    5.95836e+02    1.92065e+04   -7.83947e+01   -2.06551e+04
   Coul. recip.      Potential Pressure (bar)
    4.93938e+02    1.93058e+03    5.09198e+00

           Step           Time
             77       77.00000

           Step           Time
             78       78.00000

   Energies (kJ/mol)
           Bond          Angle    Proper Dih. Ryckaert-Bell.  Improper Dih.
    9.22478e+01    4.48292e+02    1.71180e+03    7.82295e+01    1.85593e+01
 Per. Imp. Dih.          LJ-14     Coulomb-14        LJ (SR)   Coulomb (SR)
    5.07323e-01    5.95450e+02    1.92075e+04   -7.89943e+01   -2.06574e+04
   Coul. recip.      Potential Pressure (bar)
    4.95077e+02    1.91125e+03   -1.51977e+00


Steepest Descents converged to Fmax < 1000 in 79 steps
Potential Energy  =  1.9112454e+03
Maximum force     =  9.8465869e+02 on atom 734
Norm of force     =  7.1474820e+01

    D O M A I N   D E C O M P O S I T I O N   S T A T I S T I C S

 av. #atoms communicated per step for force:  2 x 0.0

Finished mdrun on rank 0 Wed Apr  2 13:32:16 2025

