            :-) GROMACS - gmx mdrun, 2023-dev (double precision) (-:

Copyright 1991-2023 The GROMACS Authors.
GROMACS is free software; you can redistribute it and/or modify it
under the terms of the GNU Lesser General Public License
as published by the Free Software Foundation; either version 2.1
of the License, or (at your option) any later version.

                         Current GROMACS contributors:
       Mark Abraham           Andrey Alekseenko           Cathrine Bergh      
      Christian Blau            Eliane Briand             Mahesh Doijade      
    Stefan Fleischmann           Vytas Gapsys              Gaurav Garg        
      Sergey Gorelov         Gilles Gouaillardet            Alan Gray         
     M. Eric Irrgang         Farzaneh Jalalypour            Joe Jordan        
    Christoph Junghans        Prashanth Kanduri          Sebastian Keller     
     Carsten Kutzner           Justin A. Lemkul          Magnus Lundborg      
       Pascal Merz              Vedran Miletic            Dmitry Morozov      
       Szilard Pall             Roland Schulz             Michael Shirts      
     Alexey Shvetsov            Balint Soproni         David van der Spoel    
      Philip Turner             Carsten Uphoff           Alessandra Villa     
 Sebastian Wingbermuehle        Artem Zhmurov       

                         Previous GROMACS contributors:
        Emile Apol             Rossen Apostolov           James Barnett       
  Herman J.C. Berendsen          Par Bjelkmar           Viacheslav Bolnykh    
        Kevin Boyd            Aldert van Buuren          Carlo Camilloni      
     Rudi van Drunen            Anton Feenstra           Oliver Fleetwood     
     Gerrit Groenhof            Bert de Groot             Anca Hamuraru       
    Vincent Hindriksen          Victor Holanda           Aleksei Iupinov      
   Dimitrios Karkoulis           Peter Kasson             Sebastian Kehl      
        Jiri Kraus               Per Larsson              Viveca Lindahl      
      Erik Marklund           Pieter Meulenhoff           Teemu Murtola       
       Sander Pronk             Alfons Sijbers            Peter Tieleman      
       Jon Vincent             Teemu Virolainen         Christian Wennberg    
       Maarten Wolf       

                  Coordinated by the GROMACS project leaders:
                    Paul Bauer, Berk Hess, and Erik Lindahl

GROMACS:      gmx mdrun, version 2023-dev (double precision)
Executable:   /opt/shared/gromacs/2023.0-intel/double-thread/bin/gmx_d
Data prefix:  /opt/shared/gromacs/2023.0-intel/double-thread
Working dir:  /lustre/ea-nrtmidas/users/3760/hackathon/cellulose/droplet/chain/anhydrous/MBA1
Process ID:   47373
Command line:
  gmx_d mdrun -deffnm nvt1

GROMACS version:    2023-dev
Precision:          double
Memory model:       64 bit
MPI library:        thread_mpi
OpenMP support:     enabled (GMX_OPENMP_MAX_THREADS = 128)
GPU support:        disabled
SIMD instructions:  AVX2_256
CPU FFT library:    Intel MKL version 2023.0.0 Build 20221128
GPU FFT library:    none
Multi-GPU FFT:      none
RDTSCP usage:       enabled
TNG support:        enabled
Hwloc support:      disabled
Tracing support:    disabled
C compiler:         /opt/shared/intel-oneapi/2023.0.0.25537/compiler/2023.0.0/linux/bin/icx IntelLLVM 2023.0.0
C compiler flags:   -mavx2 -mfma -Wall -Wno-unused -Wunused-value -Wunused-parameter -Wno-missing-field-initializers -O3 -DNDEBUG
C++ compiler:       /opt/shared/intel-oneapi/2023.0.0.25537/compiler/2023.0.0/linux/bin/icpx IntelLLVM 2023.0.0
C++ compiler flags: -mavx2 -mfma -Wall -Wextra -Wpointer-arith -Wmissing-prototypes -Wdeprecated -Wno-unused-function -Wno-reserved-identifier -Wno-missing-field-initializers -Wno-pass-failed -Weverything -Wno-c++98-compat -Wno-c++98-compat-pedantic -Wno-source-uses-openmp -Wno-c++17-extensions -Wno-documentation-unknown-command -Wno-covered-switch-default -Wno-switch-enum -Wno-extra-semi-stmt -Wno-weak-vtables -Wno-shadow -Wno-padded -Wno-reserved-id-macro -Wno-double-promotion -Wno-exit-time-destructors -Wno-global-constructors -Wno-documentation -Wno-format-nonliteral -Wno-used-but-marked-unused -Wno-float-equal -Wno-conditional-uninitialized -Wno-conversion -Wno-disabled-macro-expansion -Wno-unused-macros -fiopenmp -O3 -DNDEBUG
BLAS library:       Intel MKL version 2023.0.0 Build 20221128
LAPACK library:     Intel MKL version 2023.0.0 Build 20221128


Running on 1 node with total 8 cores, 8 processing units
Hardware detected on host r1n00:
  CPU info:
    Vendor: AMD
    Brand:  AMD EPYC 7502 32-Core Processor                
    Family: 23   Model: 49   Stepping: 0
    Features: aes amd apic avx avx2 clfsh cmov cx8 cx16 f16c fma htt lahf misalignsse mmx msr nonstop_tsc pclmuldq pdpe1gb popcnt pse rdrnd rdtscp sha sse2 sse3 sse4a sse4.1 sse4.2 ssse3
  Hardware topology: Basic
    Packages, cores, and logical processors:
    [indices refer to OS logical processors]
      Package  0: [  19] [  20] [  22] [  23] [  24] [  25] [  28] [  29]
    CPU limit set by OS: -1   Recommended max number of threads: 8


++++ PLEASE READ AND CITE THE FOLLOWING REFERENCE ++++
M. J. Abraham, T. Murtola, R. Schulz, S. Páll, J. C. Smith, B. Hess, E.
Lindahl
GROMACS: High performance molecular simulations through multi-level
parallelism from laptops to supercomputers
SoftwareX 1 (2015) pp. 19-25
-------- -------- --- Thank You --- -------- --------


++++ PLEASE READ AND CITE THE FOLLOWING REFERENCE ++++
S. Páll, M. J. Abraham, C. Kutzner, B. Hess, E. Lindahl
Tackling Exascale Software Challenges in Molecular Dynamics Simulations with
GROMACS
In S. Markidis & E. Laure (Eds.), Solving Software Challenges for Exascale 8759 (2015) pp. 3-27
-------- -------- --- Thank You --- -------- --------


++++ PLEASE READ AND CITE THE FOLLOWING REFERENCE ++++
S. Pronk, S. Páll, R. Schulz, P. Larsson, P. Bjelkmar, R. Apostolov, M. R.
Shirts, J. C. Smith, P. M. Kasson, D. van der Spoel, B. Hess, and E. Lindahl
GROMACS 4.5: a high-throughput and highly parallel open source molecular
simulation toolkit
Bioinformatics 29 (2013) pp. 845-54
-------- -------- --- Thank You --- -------- --------


++++ PLEASE READ AND CITE THE FOLLOWING REFERENCE ++++
B. Hess and C. Kutzner and D. van der Spoel and E. Lindahl
GROMACS 4: Algorithms for highly efficient, load-balanced, and scalable
molecular simulation
J. Chem. Theory Comput. 4 (2008) pp. 435-447
-------- -------- --- Thank You --- -------- --------


++++ PLEASE READ AND CITE THE FOLLOWING REFERENCE ++++
D. van der Spoel, E. Lindahl, B. Hess, G. Groenhof, A. E. Mark and H. J. C.
Berendsen
GROMACS: Fast, Flexible and Free
J. Comp. Chem. 26 (2005) pp. 1701-1719
-------- -------- --- Thank You --- -------- --------


++++ PLEASE READ AND CITE THE FOLLOWING REFERENCE ++++
E. Lindahl and B. Hess and D. van der Spoel
GROMACS 3.0: A package for molecular simulation and trajectory analysis
J. Mol. Mod. 7 (2001) pp. 306-317
-------- -------- --- Thank You --- -------- --------


++++ PLEASE READ AND CITE THE FOLLOWING REFERENCE ++++
H. J. C. Berendsen, D. van der Spoel and R. van Drunen
GROMACS: A message-passing parallel molecular dynamics implementation
Comp. Phys. Comm. 91 (1995) pp. 43-56
-------- -------- --- Thank You --- -------- --------


++++ PLEASE CITE THE DOI FOR THIS VERSION OF GROMACS ++++
https://doi.org/10.5281/zenodo.7588619
-------- -------- --- Thank You --- -------- --------

Input Parameters:
   integrator                     = md
   tinit                          = 0
   dt                             = 0.0001
   nsteps                         = 500000
   init-step                      = 0
   simulation-part                = 1
   mts                            = false
   comm-mode                      = Linear
   nstcomm                        = 100
   bd-fric                        = 0
   ld-seed                        = -1745369473
   emtol                          = 10
   emstep                         = 0.01
   niter                          = 20
   fcstep                         = 0
   nstcgsteep                     = 1000
   nbfgscorr                      = 10
   rtpi                           = 0.05
   nstxout                        = 10000
   nstvout                        = 10000
   nstfout                        = 0
   nstlog                         = 10000
   nstcalcenergy                  = 100
   nstenergy                      = 10000
   nstxout-compressed             = 0
   compressed-x-precision         = 1000
   cutoff-scheme                  = Verlet
   nstlist                        = 10
   pbc                            = xyz
   periodic-molecules             = true
   verlet-buffer-tolerance        = 0.005
   rlist                          = 3
   coulombtype                    = PME
   coulomb-modifier               = Potential-shift
   rcoulomb-switch                = 0
   rcoulomb                       = 3
   epsilon-r                      = 1
   epsilon-rf                     = inf
   vdw-type                       = Cut-off
   vdw-modifier                   = Potential-shift
   rvdw-switch                    = 0
   rvdw                           = 3
   DispCorr                       = EnerPres
   table-extension                = 1
   fourierspacing                 = 0.16
   fourier-nx                     = 48
   fourier-ny                     = 48
   fourier-nz                     = 192
   pme-order                      = 4
   ewald-rtol                     = 1e-05
   ewald-rtol-lj                  = 0.001
   lj-pme-comb-rule               = Geometric
   ewald-geometry                 = 3d
   epsilon-surface                = 0
   ensemble-temperature-setting   = constant
   ensemble-temperature           = 298
   tcoupl                         = V-rescale
   nsttcouple                     = 100
   nh-chain-length                = 0
   print-nose-hoover-chain-variables = false
   pcoupl                         = No
   pcoupltype                     = Isotropic
   nstpcouple                     = -1
   tau-p                          = 1
   compressibility (3x3):
      compressibility[    0]={ 0.00000e+00,  0.00000e+00,  0.00000e+00}
      compressibility[    1]={ 0.00000e+00,  0.00000e+00,  0.00000e+00}
      compressibility[    2]={ 0.00000e+00,  0.00000e+00,  0.00000e+00}
   ref-p (3x3):
      ref-p[    0]={ 0.00000e+00,  0.00000e+00,  0.00000e+00}
      ref-p[    1]={ 0.00000e+00,  0.00000e+00,  0.00000e+00}
      ref-p[    2]={ 0.00000e+00,  0.00000e+00,  0.00000e+00}
   refcoord-scaling               = No
   posres-com (3):
      posres-com[0]= 0.00000e+00
      posres-com[1]= 0.00000e+00
      posres-com[2]= 0.00000e+00
   posres-comB (3):
      posres-comB[0]= 0.00000e+00
      posres-comB[1]= 0.00000e+00
      posres-comB[2]= 0.00000e+00
   QMMM                           = false
qm-opts:
   ngQM                           = 0
   constraint-algorithm           = Lincs
   continuation                   = false
   Shake-SOR                      = false
   shake-tol                      = 0.0001
   lincs-order                    = 4
   lincs-iter                     = 1
   lincs-warnangle                = 30
   nwall                          = 0
   wall-type                      = 9-3
   wall-r-linpot                  = -1
   wall-atomtype[0]               = -1
   wall-atomtype[1]               = -1
   wall-density[0]                = 0
   wall-density[1]                = 0
   wall-ewald-zfac                = 3
   pull                           = false
   awh                            = false
   rotation                       = false
   interactiveMD                  = false
   disre                          = No
   disre-weighting                = Conservative
   disre-mixed                    = false
   dr-fc                          = 1000
   dr-tau                         = 0
   nstdisreout                    = 100
   orire-fc                       = 0
   orire-tau                      = 0
   nstorireout                    = 100
   free-energy                    = no
   cos-acceleration               = 0
   deform (3x3):
      deform[    0]={ 0.00000e+00,  0.00000e+00,  0.00000e+00}
      deform[    1]={ 0.00000e+00,  0.00000e+00,  0.00000e+00}
      deform[    2]={ 0.00000e+00,  0.00000e+00,  0.00000e+00}
   simulated-tempering            = false
   swapcoords                     = no
   userint1                       = 0
   userint2                       = 0
   userint3                       = 0
   userint4                       = 0
   userreal1                      = 0
   userreal2                      = 0
   userreal3                      = 0
   userreal4                      = 0
   applied-forces:
     electric-field:
       x:
         E0                       = 0
         omega                    = 0
         t0                       = 0
         sigma                    = 0
       y:
         E0                       = 0
         omega                    = 0
         t0                       = 0
         sigma                    = 0
       z:
         E0                       = 0
         omega                    = 0
         t0                       = 0
         sigma                    = 0
     density-guided-simulation:
       active                     = false
       group                      = protein
       similarity-measure         = inner-product
       atom-spreading-weight      = unity
       force-constant             = 1e+09
       gaussian-transform-spreading-width = 0.2
       gaussian-transform-spreading-range-in-multiples-of-width = 4
       reference-density-filename = reference.mrc
       nst                        = 1
       normalize-densities        = true
       adaptive-force-scaling     = false
       adaptive-force-scaling-time-constant = 4
       shift-vector               = 
       transformation-matrix      = 
     qmmm-cp2k:
       active                     = false
       qmgroup                    = System
       qmmethod                   = PBE
       qmfilenames                = 
       qmcharge                   = 0
       qmmultiplicity             = 1
grpopts:
   nrdf:       14254
   ref-t:         298
   tau-t:         0.1
annealing:          No
annealing-npoints:           0
   acc:	           0           0           0
   nfreeze:           N           N           N
   energygrp-flags[  0]: 0

Changing nstlist from 10 to 100, rlist from 3 to 3

Update groups can not be used for this system because atoms that are (in)directly constrained together are interdispersed with other atoms

Update task can not run on the GPU, because the following condition(s) were not satisfied:

Domain decomposition is only supported with constraints when update groups are used. This means constraining all bonds is not supported, except for small molecules, and box sizes close to half the pair-list cutoff are not supported.
 Either PME or short-ranged non-bonded interaction tasks must run on the GPU.
Compatible GPUs must have been found.
Only CUDA and SYCL builds are supported.
The number of coupled constraints is higher than supported in the GPU LINCS code.
Chosen GPU implementation does not support constraints.

Initializing Domain Decomposition on 1 ranks
Dynamic load balancing: auto
Minimum cell size due to atom displacement: 0.028 nm
NOTE: Periodic molecules are present in this system. Because of this, the domain decomposition algorithm cannot easily determine the minimum cell size that it requires for treating bonded interactions. Instead, domain decomposition will assume that half the non-bonded cut-off will be a suitable lower bound.
Minimum cell size due to bonded interactions: 1.500 nm
Maximum distance for 5 constraints, at 120 deg. angles, all-trans: 0.218 nm
Estimated maximum distance required for P-LINCS: 0.218 nm
Using 0 separate PME ranks because: there are too few total ranks for efficient splitting
Optimizing the DD grid for 1 cells with a minimum initial size of 1.500 nm
The maximum allowed number of cells is: X 4 Y 4 Z 18
Domain decomposition grid 1 x 1 x 1, separate PME ranks 0
PME domain decomposition: 1 x 1 x 1

The initial number of communication pulses is:
The initial domain decomposition cell size is:

The maximum allowed distance for atoms involved in interactions is:
                 non-bonded interactions           3.000 nm
            two-body bonded interactions  (-rdd)   3.000 nm
          multi-body bonded interactions  (-rdd)   3.000 nm
  atoms separated by up to 5 constraints  (-rcon)  7.300 nm

When dynamic load balancing gets turned on, these settings will change to:
The maximum number of communication pulses is:
The minimum size for domain decomposition cells is 3.000 nm
The requested allowed shrink of DD cells (option -dds) is: 0.80
The allowed shrink of domain decomposition cells is:
The maximum allowed distance for atoms involved in interactions is:
                 non-bonded interactions           3.000 nm
            two-body bonded interactions  (-rdd)   3.000 nm
          multi-body bonded interactions  (-rdd)   3.000 nm
  atoms separated by up to 5 constraints  (-rcon)  3.000 nm

Using 1 MPI thread

Non-default thread affinity set, disabling internal thread affinity

Using 8 OpenMP threads 

System total charge: 0.000
Will do PME sum in reciprocal space for electrostatic interactions.

++++ PLEASE READ AND CITE THE FOLLOWING REFERENCE ++++
U. Essmann, L. Perera, M. L. Berkowitz, T. Darden, H. Lee and L. G. Pedersen 
A smooth particle mesh Ewald method
J. Chem. Phys. 103 (1995) pp. 8577-8592
-------- -------- --- Thank You --- -------- --------

Using a Gaussian width (1/beta) of 0.960488 nm for Ewald
Potential shift: LJ r^-12: -1.882e-06 r^-6: -1.372e-03, Ewald -3.333e-06
Initialized non-bonded Coulomb Ewald tables, spacing: 1.62e-03 size: 1858

Generated table with 8000 data points for 1-4 COUL.
Tabscale = 2000 points/nm
Generated table with 8000 data points for 1-4 LJ6.
Tabscale = 2000 points/nm
Generated table with 8000 data points for 1-4 LJ12.
Tabscale = 2000 points/nm
Long Range LJ corr.: <C6> 7.4421e-04


Using SIMD 4x4 nonbonded short-range kernels

Using a 4x4 pair-list setup:
  updated every 100 steps, buffer 0.000 nm, rlist 3.000 nm
At tolerance 0.005 kJ/mol/ps per atom, equivalent classical 1x1 list would be:
  updated every 100 steps, buffer 0.000 nm, rlist 3.000 nm

Using Geometric Lennard-Jones combination rule

Linking all bonded interactions to atoms


Initializing Parallel LINear Constraint Solver

++++ PLEASE READ AND CITE THE FOLLOWING REFERENCE ++++
B. Hess
P-LINCS: A Parallel Linear Constraint Solver for molecular simulation
J. Chem. Theory Comput. 4 (2008) pp. 116-122
-------- -------- --- Thank You --- -------- --------

The number of constraints is 3152
There are constraints between atoms in different decomposition domains,
will communicate selected coordinates each lincs iteration

++++ PLEASE READ AND CITE THE FOLLOWING REFERENCE ++++
G. Bussi, D. Donadio and M. Parrinello
Canonical sampling through velocity rescaling
J. Chem. Phys. 126 (2007) pp. 014101
-------- -------- --- Thank You --- -------- --------

There are: 5803 Atoms

Atom distribution over 1 domains: av 5803 stddev 0 min 5803 max 5803

Constraining the starting coordinates (step 0)

Constraining the coordinates at t0-dt (step 0)
Center of mass motion removal mode is Linear
We have the following groups for center of mass motion removal:
  0:  rest
RMS relative constraint deviation after constraining: 3.62e-10
Initial temperature: 298.37 K

Started mdrun on rank 0 Wed Apr 30 09:05:55 2025

           Step           Time
              0        0.00000

   Energies (kJ/mol)
           Bond          Angle Ryckaert-Bell. Per. Imp. Dih.          LJ-14
    6.38554e+02    6.17717e+03    1.57234e+03    9.83034e+01    2.75071e+03
     Coulomb-14        LJ (SR)  Disper. corr.   Coulomb (SR)   Coul. recip.
   -4.43270e+04   -1.18554e+03   -2.60272e+00    3.24893e+04    1.14752e+03
 Position Rest.      Potential    Kinetic En.   Total Energy  Conserved En.
    5.69543e-02   -6.41158e+02    1.76809e+04    1.70398e+04    1.70398e+04
    Temperature Pres. DC (bar) Pressure (bar)   Constr. rmsd
    2.98376e+02   -2.89979e-02    6.56455e+02    3.61833e-10

           Step           Time
          10000        1.00000

   Energies (kJ/mol)
           Bond          Angle Ryckaert-Bell. Per. Imp. Dih.          LJ-14
    2.19691e+03    8.59697e+03    2.66606e+03    2.78884e+02    2.70061e+03
     Coulomb-14        LJ (SR)  Disper. corr.   Coulomb (SR)   Coul. recip.
   -4.36714e+04   -4.24379e+03   -2.60272e+00    2.90966e+04    1.29233e+02
 Position Rest.      Potential    Kinetic En.   Total Energy  Conserved En.
    6.09422e+02   -1.64314e+03    1.73391e+04    1.56959e+04    1.70400e+04
    Temperature Pres. DC (bar) Pressure (bar)   Constr. rmsd
    2.92607e+02   -2.89979e-02   -3.46598e+01    1.73983e-10

           Step           Time
          20000        2.00000

   Energies (kJ/mol)
           Bond          Angle Ryckaert-Bell. Per. Imp. Dih.          LJ-14
    2.29204e+03    9.11274e+03    2.60218e+03    3.27338e+02    2.74434e+03
     Coulomb-14        LJ (SR)  Disper. corr.   Coulomb (SR)   Coul. recip.
   -4.36838e+04   -4.14453e+03   -2.60272e+00    2.82877e+04    8.83501e+01
 Position Rest.      Potential    Kinetic En.   Total Energy  Conserved En.
    5.43091e+02   -1.83311e+03    1.74899e+04    1.56568e+04    1.70388e+04
    Temperature Pres. DC (bar) Pressure (bar)   Constr. rmsd
    2.95152e+02   -2.89979e-02   -2.14213e+01    2.17536e-10

           Step           Time
          30000        3.00000

   Energies (kJ/mol)
           Bond          Angle Ryckaert-Bell. Per. Imp. Dih.          LJ-14
    2.40137e+03    9.57105e+03    2.67255e+03    3.26837e+02    2.71436e+03
     Coulomb-14        LJ (SR)  Disper. corr.   Coulomb (SR)   Coul. recip.
   -4.37067e+04   -4.15253e+03   -2.60272e+00    2.70595e+04    1.12251e+02
 Position Rest.      Potential    Kinetic En.   Total Energy  Conserved En.
    5.99822e+02   -2.40403e+03    1.75976e+04    1.51935e+04    1.70378e+04
    Temperature Pres. DC (bar) Pressure (bar)   Constr. rmsd
    2.96969e+02   -2.89979e-02    1.45916e+02    2.35814e-10

           Step           Time
          40000        4.00000

   Energies (kJ/mol)
           Bond          Angle Ryckaert-Bell. Per. Imp. Dih.          LJ-14
    2.56436e+03    9.87906e+03    2.62363e+03    4.06748e+02    2.78845e+03
     Coulomb-14        LJ (SR)  Disper. corr.   Coulomb (SR)   Coul. recip.
   -4.35785e+04   -4.48827e+03   -2.60272e+00    2.64715e+04    8.40864e+01
 Position Rest.      Potential    Kinetic En.   Total Energy  Conserved En.
    6.20209e+02   -2.63137e+03    1.80962e+04    1.54648e+04    1.70371e+04
    Temperature Pres. DC (bar) Pressure (bar)   Constr. rmsd
    3.05384e+02   -2.89979e-02   -3.62944e+01    2.65257e-10

           Step           Time
          50000        5.00000

   Energies (kJ/mol)
           Bond          Angle Ryckaert-Bell. Per. Imp. Dih.          LJ-14
    2.60198e+03    9.90614e+03    2.67605e+03    4.32094e+02    2.83791e+03
     Coulomb-14        LJ (SR)  Disper. corr.   Coulomb (SR)   Coul. recip.
   -4.36046e+04   -4.70526e+03   -2.60272e+00    2.56333e+04    1.01884e+02
 Position Rest.      Potential    Kinetic En.   Total Energy  Conserved En.
    6.39427e+02   -3.48375e+03    1.76754e+04    1.41917e+04    1.70366e+04
    Temperature Pres. DC (bar) Pressure (bar)   Constr. rmsd
    2.98284e+02   -2.89979e-02    1.52936e+02    2.78442e-10

           Step           Time
          60000        6.00000

   Energies (kJ/mol)
           Bond          Angle Ryckaert-Bell. Per. Imp. Dih.          LJ-14
    2.66408e+03    1.03039e+04    2.52533e+03    4.31572e+02    2.76199e+03
     Coulomb-14        LJ (SR)  Disper. corr.   Coulomb (SR)   Coul. recip.
   -4.36099e+04   -5.01720e+03   -2.60272e+00    2.50873e+04    1.03485e+02
 Position Rest.      Potential    Kinetic En.   Total Energy  Conserved En.
    6.46720e+02   -4.10526e+03    1.76016e+04    1.34963e+04    1.70359e+04
    Temperature Pres. DC (bar) Pressure (bar)   Constr. rmsd
    2.97037e+02   -2.89979e-02   -1.41226e+02    2.65701e-10

           Step           Time
          70000        7.00000

   Energies (kJ/mol)
           Bond          Angle Ryckaert-Bell. Per. Imp. Dih.          LJ-14
    2.74069e+03    1.03197e+04    2.65392e+03    3.77191e+02    2.85948e+03
     Coulomb-14        LJ (SR)  Disper. corr.   Coulomb (SR)   Coul. recip.
   -4.35560e+04   -5.10227e+03   -2.60272e+00    2.43668e+04    7.76839e+01
 Position Rest.      Potential    Kinetic En.   Total Energy  Conserved En.
    7.13479e+02   -4.55197e+03    1.75815e+04    1.30295e+04    1.70355e+04
    Temperature Pres. DC (bar) Pressure (bar)   Constr. rmsd
    2.96698e+02   -2.89979e-02    8.90772e+01    2.90966e-10

           Step           Time
          80000        8.00000

   Energies (kJ/mol)
           Bond          Angle Ryckaert-Bell. Per. Imp. Dih.          LJ-14
    2.63532e+03    1.05170e+04    2.69275e+03    3.90404e+02    2.87554e+03
     Coulomb-14        LJ (SR)  Disper. corr.   Coulomb (SR)   Coul. recip.
   -4.35515e+04   -5.56994e+03   -2.60272e+00    2.42255e+04    8.59901e+01
 Position Rest.      Potential    Kinetic En.   Total Energy  Conserved En.
    7.63386e+02   -4.93824e+03    1.75839e+04    1.26456e+04    1.70345e+04
    Temperature Pres. DC (bar) Pressure (bar)   Constr. rmsd
    2.96738e+02   -2.89979e-02    1.44924e+01    3.17323e-10

           Step           Time
          90000        9.00000

   Energies (kJ/mol)
           Bond          Angle Ryckaert-Bell. Per. Imp. Dih.          LJ-14
    2.96109e+03    1.07953e+04    2.41161e+03    3.97114e+02    2.84147e+03
     Coulomb-14        LJ (SR)  Disper. corr.   Coulomb (SR)   Coul. recip.
   -4.35831e+04   -5.65008e+03   -2.60272e+00    2.37753e+04    7.45018e+01
 Position Rest.      Potential    Kinetic En.   Total Energy  Conserved En.
    7.25193e+02   -5.25419e+03    1.74596e+04    1.22054e+04    1.70342e+04
    Temperature Pres. DC (bar) Pressure (bar)   Constr. rmsd
    2.94641e+02   -2.89979e-02    1.65907e+01    3.13544e-10

           Step           Time
         100000       10.00000

   Energies (kJ/mol)
           Bond          Angle Ryckaert-Bell. Per. Imp. Dih.          LJ-14
    2.88007e+03    1.06979e+04    2.35355e+03    4.21665e+02    2.84572e+03
     Coulomb-14        LJ (SR)  Disper. corr.   Coulomb (SR)   Coul. recip.
   -4.35513e+04   -6.00392e+03   -2.60272e+00    2.36170e+04    7.35288e+01
 Position Rest.      Potential    Kinetic En.   Total Energy  Conserved En.
    7.15915e+02   -5.95240e+03    1.78151e+04    1.18627e+04    1.70339e+04
    Temperature Pres. DC (bar) Pressure (bar)   Constr. rmsd
    3.00641e+02   -2.89979e-02    2.56722e+01    3.11790e-10

           Step           Time
         110000       11.00000

   Energies (kJ/mol)
           Bond          Angle Ryckaert-Bell. Per. Imp. Dih.          LJ-14
    3.00879e+03    1.07160e+04    2.45687e+03    4.09717e+02    2.88844e+03
     Coulomb-14        LJ (SR)  Disper. corr.   Coulomb (SR)   Coul. recip.
   -4.35798e+04   -6.39359e+03   -2.60272e+00    2.33958e+04    6.43346e+01
 Position Rest.      Potential    Kinetic En.   Total Energy  Conserved En.
    7.27568e+02   -6.30844e+03    1.78691e+04    1.15607e+04    1.70336e+04
    Temperature Pres. DC (bar) Pressure (bar)   Constr. rmsd
    3.01552e+02   -2.89979e-02    1.91117e+01    3.02367e-10

           Step           Time
         120000       12.00000

   Energies (kJ/mol)
           Bond          Angle Ryckaert-Bell. Per. Imp. Dih.          LJ-14
    2.95282e+03    1.10986e+04    2.48406e+03    3.45576e+02    2.82234e+03
     Coulomb-14        LJ (SR)  Disper. corr.   Coulomb (SR)   Coul. recip.
   -4.35334e+04   -6.70688e+03   -2.60272e+00    2.31545e+04    7.20520e+01
 Position Rest.      Potential    Kinetic En.   Total Energy  Conserved En.
    7.17253e+02   -6.59567e+03    1.81094e+04    1.15137e+04    1.70332e+04
    Temperature Pres. DC (bar) Pressure (bar)   Constr. rmsd
    3.05607e+02   -2.89979e-02    2.61320e+01    3.10047e-10

           Step           Time
         130000       13.00000

   Energies (kJ/mol)
           Bond          Angle Ryckaert-Bell. Per. Imp. Dih.          LJ-14
    2.96127e+03    1.13119e+04    2.33616e+03    4.23378e+02    2.84761e+03
     Coulomb-14        LJ (SR)  Disper. corr.   Coulomb (SR)   Coul. recip.
   -4.36119e+04   -6.87632e+03   -2.60272e+00    2.32591e+04    5.45665e+01
 Position Rest.      Potential    Kinetic En.   Total Energy  Conserved En.
    7.54070e+02   -6.54277e+03    1.78918e+04    1.13490e+04    1.70328e+04
    Temperature Pres. DC (bar) Pressure (bar)   Constr. rmsd
    3.01934e+02   -2.89979e-02    1.16168e+02    3.54079e-10

           Step           Time
         140000       14.00000

   Energies (kJ/mol)
           Bond          Angle Ryckaert-Bell. Per. Imp. Dih.          LJ-14
    3.13908e+03    1.10120e+04    2.46886e+03    4.40107e+02    2.89147e+03
     Coulomb-14        LJ (SR)  Disper. corr.   Coulomb (SR)   Coul. recip.
   -4.34815e+04   -7.00481e+03   -2.60272e+00    2.26379e+04    7.08227e+01
 Position Rest.      Potential    Kinetic En.   Total Energy  Conserved En.
    6.91115e+02   -7.13754e+03    1.76580e+04    1.05204e+04    1.70320e+04
    Temperature Pres. DC (bar) Pressure (bar)   Constr. rmsd
    2.97989e+02   -2.89979e-02   -1.28984e+02    3.17456e-10

           Step           Time
         150000       15.00000

   Energies (kJ/mol)
           Bond          Angle Ryckaert-Bell. Per. Imp. Dih.          LJ-14
    2.85512e+03    1.08131e+04    2.45569e+03    3.81081e+02    2.84069e+03
     Coulomb-14        LJ (SR)  Disper. corr.   Coulomb (SR)   Coul. recip.
   -4.34981e+04   -7.43238e+03   -2.60272e+00    2.27177e+04    6.98800e+01
 Position Rest.      Potential    Kinetic En.   Total Energy  Conserved En.
    6.92146e+02   -8.10759e+03    1.77409e+04    9.63326e+03    1.70317e+04
    Temperature Pres. DC (bar) Pressure (bar)   Constr. rmsd
    2.99387e+02   -2.89979e-02    8.43754e+01    3.57051e-10

           Step           Time
         160000       16.00000

   Energies (kJ/mol)
           Bond          Angle Ryckaert-Bell. Per. Imp. Dih.          LJ-14
    3.03560e+03    1.11594e+04    2.47035e+03    4.43146e+02    2.83173e+03
     Coulomb-14        LJ (SR)  Disper. corr.   Coulomb (SR)   Coul. recip.
   -4.35429e+04   -7.31886e+03   -2.60272e+00    2.23290e+04    6.21655e+01
 Position Rest.      Potential    Kinetic En.   Total Energy  Conserved En.
    7.00734e+02   -7.83227e+03    1.76310e+04    9.79870e+03    1.70313e+04
    Temperature Pres. DC (bar) Pressure (bar)   Constr. rmsd
    2.97533e+02   -2.89979e-02    3.42447e+01    3.13010e-10

Writing checkpoint, step 160800 at Wed Apr 30 09:20:56 2025


           Step           Time
         170000       17.00000

   Energies (kJ/mol)
           Bond          Angle Ryckaert-Bell. Per. Imp. Dih.          LJ-14
    2.86260e+03    1.10571e+04    2.39927e+03    3.83648e+02    2.92538e+03
     Coulomb-14        LJ (SR)  Disper. corr.   Coulomb (SR)   Coul. recip.
   -4.35439e+04   -7.46839e+03   -2.60272e+00    2.22981e+04    6.30125e+01
 Position Rest.      Potential    Kinetic En.   Total Energy  Conserved En.
    7.32461e+02   -8.29338e+03    1.77240e+04    9.43066e+03    1.70309e+04
    Temperature Pres. DC (bar) Pressure (bar)   Constr. rmsd
    2.99104e+02   -2.89979e-02    1.08918e+02    3.50327e-10

           Step           Time
         180000       18.00000

   Energies (kJ/mol)
           Bond          Angle Ryckaert-Bell. Per. Imp. Dih.          LJ-14
    3.16010e+03    1.11138e+04    2.26535e+03    4.16284e+02    2.80878e+03
     Coulomb-14        LJ (SR)  Disper. corr.   Coulomb (SR)   Coul. recip.
   -4.34874e+04   -7.54501e+03   -2.60272e+00    2.21546e+04    7.39722e+01
 Position Rest.      Potential    Kinetic En.   Total Energy  Conserved En.
    7.71230e+02   -8.27084e+03    1.74713e+04    9.20047e+03    1.70303e+04
    Temperature Pres. DC (bar) Pressure (bar)   Constr. rmsd
    2.94839e+02   -2.89979e-02   -3.05787e+01    3.95733e-10

           Step           Time
         190000       19.00000

   Energies (kJ/mol)
           Bond          Angle Ryckaert-Bell. Per. Imp. Dih.          LJ-14
    3.04999e+03    1.10884e+04    2.44192e+03    4.02415e+02    2.84210e+03
     Coulomb-14        LJ (SR)  Disper. corr.   Coulomb (SR)   Coul. recip.
   -4.34834e+04   -7.57097e+03   -2.60272e+00    2.21284e+04    6.01005e+01
 Position Rest.      Potential    Kinetic En.   Total Energy  Conserved En.
    8.25160e+02   -8.21836e+03    1.74956e+04    9.27720e+03    1.70298e+04
    Temperature Pres. DC (bar) Pressure (bar)   Constr. rmsd
    2.95248e+02   -2.89979e-02    1.58813e+01    3.73706e-10

           Step           Time
         200000       20.00000

   Energies (kJ/mol)
           Bond          Angle Ryckaert-Bell. Per. Imp. Dih.          LJ-14
    3.11495e+03    1.13779e+04    2.35675e+03    4.74001e+02    2.92279e+03
     Coulomb-14        LJ (SR)  Disper. corr.   Coulomb (SR)   Coul. recip.
   -4.35590e+04   -7.76003e+03   -2.60272e+00    2.21770e+04    7.09924e+01
 Position Rest.      Potential    Kinetic En.   Total Energy  Conserved En.
    8.39219e+02   -7.98799e+03    1.77190e+04    9.73104e+03    1.70296e+04
    Temperature Pres. DC (bar) Pressure (bar)   Constr. rmsd
    2.99019e+02   -2.89979e-02   -4.31527e+01    3.76635e-10

           Step           Time
         210000       21.00000

   Energies (kJ/mol)
           Bond          Angle Ryckaert-Bell. Per. Imp. Dih.          LJ-14
    3.19458e+03    1.14415e+04    2.30809e+03    3.86676e+02    2.88227e+03
     Coulomb-14        LJ (SR)  Disper. corr.   Coulomb (SR)   Coul. recip.
   -4.35501e+04   -7.87770e+03   -2.60272e+00    2.18150e+04    6.49486e+01
 Position Rest.      Potential    Kinetic En.   Total Energy  Conserved En.
    8.30873e+02   -8.50648e+03    1.75727e+04    9.06617e+03    1.70292e+04
    Temperature Pres. DC (bar) Pressure (bar)   Constr. rmsd
    2.96549e+02   -2.89979e-02   -5.49372e+01    3.58769e-10

           Step           Time
         220000       22.00000

   Energies (kJ/mol)
           Bond          Angle Ryckaert-Bell. Per. Imp. Dih.          LJ-14
    3.17734e+03    1.13497e+04    2.28414e+03    4.36052e+02    2.86561e+03
     Coulomb-14        LJ (SR)  Disper. corr.   Coulomb (SR)   Coul. recip.
   -4.34586e+04   -8.10335e+03   -2.60272e+00    2.19275e+04    7.39515e+01
 Position Rest.      Potential    Kinetic En.   Total Energy  Conserved En.
    8.15586e+02   -8.63469e+03    1.76498e+04    9.01510e+03    1.70286e+04
    Temperature Pres. DC (bar) Pressure (bar)   Constr. rmsd
    2.97851e+02   -2.89979e-02   -4.14421e+01    3.64622e-10

           Step           Time
         230000       23.00000

   Energies (kJ/mol)
           Bond          Angle Ryckaert-Bell. Per. Imp. Dih.          LJ-14
    2.95535e+03    1.12857e+04    2.25506e+03    3.85596e+02    2.86741e+03
     Coulomb-14        LJ (SR)  Disper. corr.   Coulomb (SR)   Coul. recip.
   -4.35085e+04   -8.06395e+03   -2.60272e+00    2.17150e+04    7.20138e+01
 Position Rest.      Potential    Kinetic En.   Total Energy  Conserved En.
    7.78190e+02   -9.26080e+03    1.78605e+04    8.59973e+03    1.70281e+04
    Temperature Pres. DC (bar) Pressure (bar)   Constr. rmsd
    3.01407e+02   -2.89979e-02    9.78004e+01    4.01138e-10

           Step           Time
         240000       24.00000

   Energies (kJ/mol)
           Bond          Angle Ryckaert-Bell. Per. Imp. Dih.          LJ-14
    3.13667e+03    1.14545e+04    2.34780e+03    3.85151e+02    2.80813e+03
     Coulomb-14        LJ (SR)  Disper. corr.   Coulomb (SR)   Coul. recip.
   -4.35176e+04   -8.13805e+03   -2.60272e+00    2.16089e+04    6.62011e+01
 Position Rest.      Potential    Kinetic En.   Total Energy  Conserved En.
    7.51829e+02   -9.09907e+03    1.77973e+04    8.69819e+03    1.70275e+04
    Temperature Pres. DC (bar) Pressure (bar)   Constr. rmsd
    3.00339e+02   -2.89979e-02   -6.36755e+01    3.85692e-10

           Step           Time
         250000       25.00000

   Energies (kJ/mol)
           Bond          Angle Ryckaert-Bell. Per. Imp. Dih.          LJ-14
    3.07137e+03    1.14734e+04    2.30745e+03    4.27639e+02    2.96416e+03
     Coulomb-14        LJ (SR)  Disper. corr.   Coulomb (SR)   Coul. recip.
   -4.34945e+04   -8.09646e+03   -2.60272e+00    2.11729e+04    5.80683e+01
 Position Rest.      Potential    Kinetic En.   Total Energy  Conserved En.
    7.94315e+02   -9.32419e+03    1.75679e+04    8.24375e+03    1.70272e+04
    Temperature Pres. DC (bar) Pressure (bar)   Constr. rmsd
    2.96469e+02   -2.89979e-02    1.11649e+02    4.06641e-10

           Step           Time
         260000       26.00000

   Energies (kJ/mol)
           Bond          Angle Ryckaert-Bell. Per. Imp. Dih.          LJ-14
    3.28131e+03    1.13506e+04    2.31375e+03    3.97924e+02    2.88900e+03
     Coulomb-14        LJ (SR)  Disper. corr.   Coulomb (SR)   Coul. recip.
   -4.35462e+04   -8.16109e+03   -2.60272e+00    2.14387e+04    6.60260e+01
 Position Rest.      Potential    Kinetic En.   Total Energy  Conserved En.
    7.95458e+02   -9.17724e+03    1.77017e+04    8.52444e+03    1.70267e+04
    Temperature Pres. DC (bar) Pressure (bar)   Constr. rmsd
    2.98726e+02   -2.89979e-02   -2.47208e+01    3.74509e-10

           Step           Time
         270000       27.00000

   Energies (kJ/mol)
           Bond          Angle Ryckaert-Bell. Per. Imp. Dih.          LJ-14
    3.05090e+03    1.13094e+04    2.24909e+03    4.08331e+02    2.88631e+03
     Coulomb-14        LJ (SR)  Disper. corr.   Coulomb (SR)   Coul. recip.
   -4.35599e+04   -8.37156e+03   -2.60272e+00    2.14376e+04    5.97394e+01
 Position Rest.      Potential    Kinetic En.   Total Energy  Conserved En.
    7.93171e+02   -9.73953e+03    1.75968e+04    7.85727e+03    1.70262e+04
    Temperature Pres. DC (bar) Pressure (bar)   Constr. rmsd
    2.96956e+02   -2.89979e-02    1.24673e+02    3.62073e-10

           Step           Time
         280000       28.00000

   Energies (kJ/mol)
           Bond          Angle Ryckaert-Bell. Per. Imp. Dih.          LJ-14
    3.08844e+03    1.15149e+04    2.28691e+03    3.78938e+02    2.86818e+03
     Coulomb-14        LJ (SR)  Disper. corr.   Coulomb (SR)   Coul. recip.
   -4.35655e+04   -8.45305e+03   -2.60272e+00    2.13552e+04    5.88331e+01
 Position Rest.      Potential    Kinetic En.   Total Energy  Conserved En.
    7.58316e+02   -9.71150e+03    1.78644e+04    8.15291e+03    1.70255e+04
    Temperature Pres. DC (bar) Pressure (bar)   Constr. rmsd
    3.01472e+02   -2.89979e-02   -2.06042e+01    4.01327e-10

           Step           Time
         290000       29.00000

   Energies (kJ/mol)
           Bond          Angle Ryckaert-Bell. Per. Imp. Dih.          LJ-14
    3.18649e+03    1.14989e+04    2.27718e+03    4.30392e+02    2.84765e+03
     Coulomb-14        LJ (SR)  Disper. corr.   Coulomb (SR)   Coul. recip.
   -4.34358e+04   -8.27731e+03   -2.60272e+00    2.11543e+04    6.82164e+01
 Position Rest.      Potential    Kinetic En.   Total Energy  Conserved En.
    7.63402e+02   -9.48920e+03    1.79915e+04    8.50233e+03    1.70251e+04
    Temperature Pres. DC (bar) Pressure (bar)   Constr. rmsd
    3.03618e+02   -2.89979e-02    4.23014e+01    3.76834e-10

           Step           Time
         300000       30.00000

   Energies (kJ/mol)
           Bond          Angle Ryckaert-Bell. Per. Imp. Dih.          LJ-14
    3.10134e+03    1.17324e+04    2.21026e+03    4.74245e+02    2.95644e+03
     Coulomb-14        LJ (SR)  Disper. corr.   Coulomb (SR)   Coul. recip.
   -4.34344e+04   -8.36163e+03   -2.60272e+00    2.10057e+04    6.78118e+01
 Position Rest.      Potential    Kinetic En.   Total Energy  Conserved En.
    8.24170e+02   -9.42625e+03    1.77442e+04    8.31796e+03    1.70250e+04
    Temperature Pres. DC (bar) Pressure (bar)   Constr. rmsd
    2.99444e+02   -2.89979e-02   -4.97317e+01    3.76572e-10

Writing checkpoint, step 304700 at Wed Apr 30 09:35:56 2025


           Step           Time
         310000       31.00000

   Energies (kJ/mol)
           Bond          Angle Ryckaert-Bell. Per. Imp. Dih.          LJ-14
    3.29673e+03    1.14151e+04    2.26209e+03    4.46265e+02    2.87387e+03
     Coulomb-14        LJ (SR)  Disper. corr.   Coulomb (SR)   Coul. recip.
   -4.35337e+04   -8.23827e+03   -2.60272e+00    2.09605e+04    6.68544e+01
 Position Rest.      Potential    Kinetic En.   Total Energy  Conserved En.
    8.23577e+02   -9.62956e+03    1.75735e+04    7.94395e+03    1.70246e+04
    Temperature Pres. DC (bar) Pressure (bar)   Constr. rmsd
    2.96563e+02   -2.89979e-02   -1.30516e+01    3.91122e-10

           Step           Time
         320000       32.00000

   Energies (kJ/mol)
           Bond          Angle Ryckaert-Bell. Per. Imp. Dih.          LJ-14
    3.32474e+03    1.18091e+04    2.28575e+03    3.87189e+02    2.86723e+03
     Coulomb-14        LJ (SR)  Disper. corr.   Coulomb (SR)   Coul. recip.
   -4.33465e+04   -8.33720e+03   -2.60272e+00    2.07931e+04    6.39958e+01
 Position Rest.      Potential    Kinetic En.   Total Energy  Conserved En.
    8.32075e+02   -9.32311e+03    1.77805e+04    8.45739e+03    1.70241e+04
    Temperature Pres. DC (bar) Pressure (bar)   Constr. rmsd
    3.00056e+02   -2.89979e-02   -5.18611e+01    3.82136e-10

           Step           Time
         330000       33.00000

   Energies (kJ/mol)
           Bond          Angle Ryckaert-Bell. Per. Imp. Dih.          LJ-14
    3.13313e+03    1.15192e+04    2.09049e+03    3.74336e+02    2.89609e+03
     Coulomb-14        LJ (SR)  Disper. corr.   Coulomb (SR)   Coul. recip.
   -4.34596e+04   -8.33736e+03   -2.60272e+00    2.09901e+04    6.82956e+01
 Position Rest.      Potential    Kinetic En.   Total Energy  Conserved En.
    8.47647e+02   -9.88018e+03    1.74280e+04    7.54786e+03    1.70234e+04
    Temperature Pres. DC (bar) Pressure (bar)   Constr. rmsd
    2.94109e+02   -2.89979e-02    5.98364e+01    3.62817e-10

           Step           Time
         340000       34.00000

   Energies (kJ/mol)
           Bond          Angle Ryckaert-Bell. Per. Imp. Dih.          LJ-14
    3.13920e+03    1.16708e+04    2.07980e+03    4.23995e+02    2.86414e+03
     Coulomb-14        LJ (SR)  Disper. corr.   Coulomb (SR)   Coul. recip.
   -4.32950e+04   -8.52800e+03   -2.60272e+00    2.08410e+04    7.25939e+01
 Position Rest.      Potential    Kinetic En.   Total Energy  Conserved En.
    9.30282e+02   -9.80381e+03    1.73160e+04    7.51216e+03    1.70231e+04
    Temperature Pres. DC (bar) Pressure (bar)   Constr. rmsd
    2.92217e+02   -2.89979e-02    2.01279e+01    3.65824e-10

           Step           Time
         350000       35.00000

   Energies (kJ/mol)
           Bond          Angle Ryckaert-Bell. Per. Imp. Dih.          LJ-14
    3.16824e+03    1.16029e+04    2.31200e+03    4.13416e+02    2.87493e+03
     Coulomb-14        LJ (SR)  Disper. corr.   Coulomb (SR)   Coul. recip.
   -4.33561e+04   -8.52654e+03   -2.60272e+00    2.07622e+04    8.54400e+01
 Position Rest.      Potential    Kinetic En.   Total Energy  Conserved En.
    9.45247e+02   -9.72091e+03    1.73943e+04    7.67340e+03    1.70229e+04
    Temperature Pres. DC (bar) Pressure (bar)   Constr. rmsd
    2.93539e+02   -2.89979e-02   -6.15354e+00    3.51759e-10

           Step           Time
         360000       36.00000

   Energies (kJ/mol)
           Bond          Angle Ryckaert-Bell. Per. Imp. Dih.          LJ-14
    3.12479e+03    1.19134e+04    2.10281e+03    4.20643e+02    2.97798e+03
     Coulomb-14        LJ (SR)  Disper. corr.   Coulomb (SR)   Coul. recip.
   -4.33007e+04   -8.56660e+03   -2.60272e+00    2.06138e+04    7.45833e+01
 Position Rest.      Potential    Kinetic En.   Total Energy  Conserved En.
    9.74150e+02   -9.66776e+03    1.77118e+04    8.04406e+03    1.70226e+04
    Temperature Pres. DC (bar) Pressure (bar)   Constr. rmsd
    2.98897e+02   -2.89979e-02   -3.72455e+01    3.79020e-10

           Step           Time
         370000       37.00000

   Energies (kJ/mol)
           Bond          Angle Ryckaert-Bell. Per. Imp. Dih.          LJ-14
    3.17758e+03    1.15282e+04    2.26558e+03    3.98813e+02    2.99703e+03
     Coulomb-14        LJ (SR)  Disper. corr.   Coulomb (SR)   Coul. recip.
   -4.32464e+04   -8.68032e+03   -2.60272e+00    2.04056e+04    6.24495e+01
 Position Rest.      Potential    Kinetic En.   Total Energy  Conserved En.
    1.03701e+03   -1.00571e+04    1.79833e+04    7.92615e+03    1.70222e+04
    Temperature Pres. DC (bar) Pressure (bar)   Constr. rmsd
    3.03479e+02   -2.89979e-02   -4.25625e+00    3.83372e-10

           Step           Time
         380000       38.00000

   Energies (kJ/mol)
           Bond          Angle Ryckaert-Bell. Per. Imp. Dih.          LJ-14
    3.21774e+03    1.18205e+04    2.27571e+03    3.73230e+02    2.97851e+03
     Coulomb-14        LJ (SR)  Disper. corr.   Coulomb (SR)   Coul. recip.
   -4.34160e+04   -8.63390e+03   -2.60272e+00    2.07927e+04    7.31094e+01
 Position Rest.      Potential    Kinetic En.   Total Energy  Conserved En.
    9.83914e+02   -9.53707e+03    1.76674e+04    8.13038e+03    1.70216e+04
    Temperature Pres. DC (bar) Pressure (bar)   Constr. rmsd
    2.98149e+02   -2.89979e-02    1.22536e+02    3.78255e-10

           Step           Time
         390000       39.00000

   Energies (kJ/mol)
           Bond          Angle Ryckaert-Bell. Per. Imp. Dih.          LJ-14
    3.09071e+03    1.15899e+04    2.18398e+03    4.46821e+02    3.02869e+03
     Coulomb-14        LJ (SR)  Disper. corr.   Coulomb (SR)   Coul. recip.
   -4.33547e+04   -8.41280e+03   -2.60272e+00    2.03587e+04    7.57579e+01
 Position Rest.      Potential    Kinetic En.   Total Energy  Conserved En.
    9.30462e+02   -1.00651e+04    1.78882e+04    7.82313e+03    1.70210e+04
    Temperature Pres. DC (bar) Pressure (bar)   Constr. rmsd
    3.01875e+02   -2.89979e-02    7.88321e+01    3.90466e-10

           Step           Time
         400000       40.00000

   Energies (kJ/mol)
           Bond          Angle Ryckaert-Bell. Per. Imp. Dih.          LJ-14
    3.15765e+03    1.18241e+04    2.26373e+03    4.35915e+02    2.96410e+03
     Coulomb-14        LJ (SR)  Disper. corr.   Coulomb (SR)   Coul. recip.
   -4.32984e+04   -8.58214e+03   -2.60272e+00    2.03011e+04    6.29454e+01
 Position Rest.      Potential    Kinetic En.   Total Energy  Conserved En.
    9.98301e+02   -9.87527e+03    1.75310e+04    7.65572e+03    1.70207e+04
    Temperature Pres. DC (bar) Pressure (bar)   Constr. rmsd
    2.95846e+02   -2.89979e-02    4.71395e+01    3.57337e-10

           Step           Time
         410000       41.00000

   Energies (kJ/mol)
           Bond          Angle Ryckaert-Bell. Per. Imp. Dih.          LJ-14
    3.21105e+03    1.17295e+04    2.27753e+03    4.22999e+02    2.97706e+03
     Coulomb-14        LJ (SR)  Disper. corr.   Coulomb (SR)   Coul. recip.
   -4.32498e+04   -8.75183e+03   -2.60272e+00    2.02987e+04    6.59231e+01
 Position Rest.      Potential    Kinetic En.   Total Energy  Conserved En.
    1.02485e+03   -9.99656e+03    1.79868e+04    7.99022e+03    1.70201e+04
    Temperature Pres. DC (bar) Pressure (bar)   Constr. rmsd
    3.03538e+02   -2.89979e-02   -3.41639e+01    3.85947e-10

           Step           Time
         420000       42.00000

   Energies (kJ/mol)
           Bond          Angle Ryckaert-Bell. Per. Imp. Dih.          LJ-14
    3.19999e+03    1.13874e+04    2.23945e+03    4.48501e+02    3.10413e+03
     Coulomb-14        LJ (SR)  Disper. corr.   Coulomb (SR)   Coul. recip.
   -4.32340e+04   -8.73141e+03   -2.60272e+00    2.02741e+04    6.27532e+01
 Position Rest.      Potential    Kinetic En.   Total Energy  Conserved En.
    1.02558e+03   -1.02261e+04    1.79218e+04    7.69565e+03    1.70197e+04
    Temperature Pres. DC (bar) Pressure (bar)   Constr. rmsd
    3.02441e+02   -2.89979e-02    3.14531e+01    3.91594e-10

           Step           Time
         430000       43.00000

   Energies (kJ/mol)
           Bond          Angle Ryckaert-Bell. Per. Imp. Dih.          LJ-14
    3.15687e+03    1.17466e+04    2.29915e+03    4.25494e+02    3.09608e+03
     Coulomb-14        LJ (SR)  Disper. corr.   Coulomb (SR)   Coul. recip.
   -4.32472e+04   -8.79687e+03   -2.60272e+00    2.03147e+04    6.10749e+01
 Position Rest.      Potential    Kinetic En.   Total Energy  Conserved En.
    1.08775e+03   -9.85904e+03    1.74135e+04    7.55442e+03    1.70189e+04
    Temperature Pres. DC (bar) Pressure (bar)   Constr. rmsd
    2.93863e+02   -2.89979e-02   -8.57667e+01    3.79519e-10

           Step           Time
         440000       44.00000

   Energies (kJ/mol)
           Bond          Angle Ryckaert-Bell. Per. Imp. Dih.          LJ-14
    3.21424e+03    1.17951e+04    2.23810e+03    4.47338e+02    2.95340e+03
     Coulomb-14        LJ (SR)  Disper. corr.   Coulomb (SR)   Coul. recip.
   -4.33379e+04   -8.85967e+03   -2.60272e+00    2.02976e+04    6.93503e+01
 Position Rest.      Potential    Kinetic En.   Total Energy  Conserved En.
    1.00047e+03   -1.01846e+04    1.80187e+04    7.83415e+03    1.70184e+04
    Temperature Pres. DC (bar) Pressure (bar)   Constr. rmsd
    3.04077e+02   -2.89979e-02   -1.20424e+02    3.71708e-10

Writing checkpoint, step 443200 at Wed Apr 30 09:50:56 2025


           Step           Time
         450000       45.00000

   Energies (kJ/mol)
           Bond          Angle Ryckaert-Bell. Per. Imp. Dih.          LJ-14
    2.99944e+03    1.16589e+04    2.19572e+03    4.09176e+02    3.10853e+03
     Coulomb-14        LJ (SR)  Disper. corr.   Coulomb (SR)   Coul. recip.
   -4.32108e+04   -8.81864e+03   -2.60272e+00    2.00496e+04    6.22865e+01
 Position Rest.      Potential    Kinetic En.   Total Energy  Conserved En.
    1.02375e+03   -1.05247e+04    1.80055e+04    7.48080e+03    1.70179e+04
    Temperature Pres. DC (bar) Pressure (bar)   Constr. rmsd
    3.03854e+02   -2.89979e-02    3.15841e+01    3.76227e-10

           Step           Time
         460000       46.00000

   Energies (kJ/mol)
           Bond          Angle Ryckaert-Bell. Per. Imp. Dih.          LJ-14
    3.13176e+03    1.15220e+04    2.25103e+03    4.12620e+02    3.03082e+03
     Coulomb-14        LJ (SR)  Disper. corr.   Coulomb (SR)   Coul. recip.
   -4.33431e+04   -8.99845e+03   -2.60272e+00    2.03271e+04    5.73661e+01
 Position Rest.      Potential    Kinetic En.   Total Energy  Conserved En.
    1.04614e+03   -1.05653e+04    1.79046e+04    7.33926e+03    1.70174e+04
    Temperature Pres. DC (bar) Pressure (bar)   Constr. rmsd
    3.02151e+02   -2.89979e-02    7.66474e+00    3.91578e-10

           Step           Time
         470000       47.00000

   Energies (kJ/mol)
           Bond          Angle Ryckaert-Bell. Per. Imp. Dih.          LJ-14
    3.30880e+03    1.16443e+04    2.21691e+03    4.61925e+02    3.11196e+03
     Coulomb-14        LJ (SR)  Disper. corr.   Coulomb (SR)   Coul. recip.
   -4.32622e+04   -9.06083e+03   -2.60272e+00    2.03328e+04    6.50980e+01
 Position Rest.      Potential    Kinetic En.   Total Energy  Conserved En.
    1.10874e+03   -1.00751e+04    1.78009e+04    7.72574e+03    1.70170e+04
    Temperature Pres. DC (bar) Pressure (bar)   Constr. rmsd
    3.00400e+02   -2.89979e-02   -5.73615e+01    3.62273e-10

           Step           Time
         480000       48.00000

   Energies (kJ/mol)
           Bond          Angle Ryckaert-Bell. Per. Imp. Dih.          LJ-14
    3.37039e+03    1.17220e+04    2.13568e+03    4.24083e+02    3.06344e+03
     Coulomb-14        LJ (SR)  Disper. corr.   Coulomb (SR)   Coul. recip.
   -4.31960e+04   -8.75482e+03   -2.60272e+00    2.00585e+04    7.17693e+01
 Position Rest.      Potential    Kinetic En.   Total Energy  Conserved En.
    1.07620e+03   -1.00313e+04    1.80719e+04    8.04060e+03    1.70165e+04
    Temperature Pres. DC (bar) Pressure (bar)   Constr. rmsd
    3.04975e+02   -2.89979e-02    7.51349e+01    4.07606e-10

           Step           Time
         490000       49.00000

   Energies (kJ/mol)
           Bond          Angle Ryckaert-Bell. Per. Imp. Dih.          LJ-14
    3.15506e+03    1.21254e+04    2.23830e+03    4.00261e+02    3.07884e+03
     Coulomb-14        LJ (SR)  Disper. corr.   Coulomb (SR)   Coul. recip.
   -4.33045e+04   -8.90447e+03   -2.60272e+00    2.00120e+04    7.28875e+01
 Position Rest.      Potential    Kinetic En.   Total Energy  Conserved En.
    1.07074e+03   -1.00581e+04    1.75933e+04    7.53523e+03    1.70161e+04
    Temperature Pres. DC (bar) Pressure (bar)   Constr. rmsd
    2.96897e+02   -2.89979e-02    6.34362e+01    3.88887e-10

           Step           Time
         500000       50.00000

Writing checkpoint, step 500000 at Wed Apr 30 09:57:12 2025


   Energies (kJ/mol)
           Bond          Angle Ryckaert-Bell. Per. Imp. Dih.          LJ-14
    3.28996e+03    1.17145e+04    2.21539e+03    4.28048e+02    3.06097e+03
     Coulomb-14        LJ (SR)  Disper. corr.   Coulomb (SR)   Coul. recip.
   -4.31420e+04   -8.95701e+03   -2.60272e+00    1.98427e+04    6.03875e+01
 Position Rest.      Potential    Kinetic En.   Total Energy  Conserved En.
    1.10234e+03   -1.03873e+04    1.74940e+04    7.10670e+03    1.70156e+04
    Temperature Pres. DC (bar) Pressure (bar)   Constr. rmsd
    2.95222e+02   -2.89979e-02    2.43378e+00    3.91894e-10


Energy conservation over simulation part #1 of length 50 ps, time 0 to 50 ps
  Conserved energy drift: -8.32e-05 kJ/mol/ps per atom


	<======  ###############  ==>
	<====  A V E R A G E S  ====>
	<==  ###############  ======>

	Statistics over 500001 steps using 5001 frames

   Energies (kJ/mol)
           Bond          Angle Ryckaert-Bell. Per. Imp. Dih.          LJ-14
    2.99936e+03    1.11579e+04    2.34522e+03    4.14131e+02    2.88862e+03
     Coulomb-14        LJ (SR)  Disper. corr.   Coulomb (SR)   Coul. recip.
   -4.34529e+04   -7.51443e+03   -2.60272e+00    2.22672e+04    7.97432e+01
 Position Rest.      Potential    Kinetic En.   Total Energy  Conserved En.
    8.28846e+02   -7.98879e+03    1.76837e+04    9.69486e+03    1.70273e+04
    Temperature Pres. DC (bar) Pressure (bar)   Constr. rmsd
    2.98422e+02   -2.89979e-02    2.86997e-03    0.00000e+00

   Total Virial (kJ/mol)
    5.84514e+03   -1.40316e+00    2.95312e+01
   -1.40316e+00    5.83569e+03    9.13226e+01
    2.95312e+01    9.13226e+01    6.00244e+03

   Pressure (bar)
    2.07476e+00    2.18201e-01   -2.65217e-01
    2.18201e-01    6.40465e-02   -1.14166e+00
   -2.65217e-01   -1.14166e+00   -2.13019e+00


	M E G A - F L O P S   A C C O U N T I N G

 NB=Group-cutoff nonbonded kernels    NxN=N-by-N cluster Verlet kernels
 RF=Reaction-Field  VdW=Van der Waals  QSTab=quadratic-spline table
 W3=SPC/TIP3p  W4=TIP4p (single or pairs)
 V&F=Potential and force  V=Potential only  F=Force only

 Computing:                               M-Number         M-Flops  % Flops
-----------------------------------------------------------------------------
 Pair Search distance check            5117.003106       46053.028     0.0
 NxN QSTab Elec. + LJ [F]           4471882.565832   183347185.199    70.6
 NxN QSTab Elec. + LJ [V&F]           45180.476432     2665648.109     1.0
 NxN QSTab Elec. [F]                  73233.628776     2489943.378     1.0
 NxN QSTab Elec. [V&F]                  739.911664       30336.378     0.0
 1,4 nonbonded interactions            5950.011900      535501.071     0.2
 Calc Weights                          8704.517409      313362.627     0.1
 Spread Q Bspline                    185696.371392      371392.743     0.1
 Gather F Bspline                    185696.371392     1114178.228     0.4
 3D-FFT                             8296578.593124    66372628.745    25.6
 Solve PME                             1152.002304       73728.147     0.0
 Reset In Box                            29.020803          87.062     0.0
 CG-CoM                                  29.026606          87.080     0.0
 Bonds                                 1200.002400       70800.142     0.0
 Angles                                4725.509451      793885.588     0.3
 Impropers                              150.000300       31200.062     0.0
 RB-Dihedrals                          4500.009000     1111502.223     0.4
 Pos. Restr.                            351.500703       17575.035     0.0
 Virial                                  29.245848         526.425     0.0
 Stop-CM                                 29.026606         290.266     0.0
 Calc-Ekin                               58.041606        1567.123     0.0
 Lincs                                 1576.009456       94560.567     0.0
 Lincs-Mat                            12600.075600       50400.302     0.0
 Constraint-V                          3152.012608       28368.113     0.0
 Constraint-Vir                          15.763152         378.316     0.0
-----------------------------------------------------------------------------
 Total                                               259561185.960   100.0
-----------------------------------------------------------------------------


    D O M A I N   D E C O M P O S I T I O N   S T A T I S T I C S

 av. #atoms communicated per step for force:  2 x 0.0
 av. #atoms communicated per step for LINCS:  2 x 0.0


      R E A L   C Y C L E   A N D   T I M E   A C C O U N T I N G

On 1 MPI rank, each using 8 OpenMP threads

 Activity:              Num   Num      Call    Wall time         Giga-Cycles
                        Ranks Threads  Count      (s)         total sum    %
--------------------------------------------------------------------------------
 Domain decomp.            1    8       5001       6.809        136.177   0.2
 Neighbor search           1    8       5001       9.110        182.198   0.3
 Force                     1    8     500001    2025.022      40498.980  65.8
 PME mesh                  1    8     500001     963.451      19268.326  31.3
 NB X/F buffer ops.        1    8     995001      30.108        602.143   1.0
 Write traj.               1    8         54       2.483         49.666   0.1
 Update                    1    8     500001       8.711        174.224   0.3
 Constraints               1    8     500003      22.792        455.829   0.7
 Rest                                              9.154        183.073   0.3
--------------------------------------------------------------------------------
 Total                                          3077.642      61550.616 100.0
--------------------------------------------------------------------------------
 Breakdown of PME mesh activities
--------------------------------------------------------------------------------
 PME spread                1    8     500001     153.756       3075.007   5.0
 PME gather                1    8     500001     106.399       2127.903   3.5
 PME 3D-FFT                1    8    1000002     651.332      13026.169  21.2
 PME solve Elec            1    8     500001      50.248       1004.927   1.6
--------------------------------------------------------------------------------

               Core t (s)   Wall t (s)        (%)
       Time:    24621.133     3077.642      800.0
                         51:17
                 (ns/day)    (hour/ns)
Performance:        1.404       17.098
Finished mdrun on rank 0 Wed Apr 30 09:57:13 2025

